<?xml version="1.0" encoding="utf-8"?>
<test-run id="2" testcasecount="134" result="Passed" total="134" passed="134" failed="0" inconclusive="0" skipped="0" asserts="0" engine-version="3.5.0.0" clr-version="4.0.30319.42000" start-time="2026-05-16 18:32:00Z" end-time="2026-05-16 18:32:00Z" duration="0.8129734">
  <test-suite type="TestSuite" id="1177" name="Atlas" fullname="Atlas" runstate="Runnable" testcasecount="134" result="Passed" start-time="2026-05-16 18:32:00Z" end-time="2026-05-16 18:32:00Z" duration="0.812973" total="134" passed="134" failed="0" inconclusive="0" skipped="0" asserts="0">
    <properties>
      <property name="platform" value="PlayMode" />
    </properties>
    <test-suite type="Assembly" id="1155" name="Lokrain.Atlas.Tests.dll" fullname="D:/projects/Atlas/Library/ScriptAssemblies/Lokrain.Atlas.Tests.dll" runstate="Runnable" testcasecount="134" result="Passed" start-time="2026-05-16 18:32:00Z" end-time="2026-05-16 18:32:00Z" duration="0.776166" total="134" passed="134" failed="0" inconclusive="0" skipped="0" asserts="0">
      <properties>
        <property name="_PID" value="29520" />
        <property name="_APPDOMAIN" value="Unity Child Domain" />
        <property name="platform" value="PlayMode" />
        <property name="EditorOnly" value="False" />
      </properties>
      <test-suite type="TestSuite" id="1156" name="Lokrain" fullname="Lokrain" runstate="Runnable" testcasecount="134" result="Passed" start-time="2026-05-16 18:32:00Z" end-time="2026-05-16 18:32:00Z" duration="0.764858" total="134" passed="134" failed="0" inconclusive="0" skipped="0" asserts="0">
        <properties />
        <test-suite type="TestSuite" id="1157" name="Atlas" fullname="Lokrain.Atlas" runstate="Runnable" testcasecount="134" result="Passed" start-time="2026-05-16 18:32:00Z" end-time="2026-05-16 18:32:00Z" duration="0.755066" total="134" passed="134" failed="0" inconclusive="0" skipped="0" asserts="0">
          <properties />
          <test-suite type="TestSuite" id="1172" name="Artifacts" fullname="Lokrain.Atlas.Artifacts" runstate="Runnable" testcasecount="21" result="Passed" start-time="2026-05-16 18:32:00Z" end-time="2026-05-16 18:32:00Z" duration="0.283403" total="21" passed="21" failed="0" inconclusive="0" skipped="0" asserts="0">
            <properties />
            <test-suite type="TestSuite" id="1173" name="Tests" fullname="Lokrain.Atlas.Artifacts.Tests" runstate="Runnable" testcasecount="21" result="Passed" start-time="2026-05-16 18:32:00Z" end-time="2026-05-16 18:32:00Z" duration="0.277832" total="21" passed="21" failed="0" inconclusive="0" skipped="0" asserts="0">
              <properties />
              <test-suite type="TestFixture" id="1129" name="AtlasArtifactBinaryReaderTests" fullname="Lokrain.Atlas.Artifacts.Tests.AtlasArtifactBinaryReaderTests" classname="Lokrain.Atlas.Artifacts.Tests.AtlasArtifactBinaryReaderTests" runstate="Runnable" testcasecount="7" result="Passed" start-time="2026-05-16 18:32:00Z" end-time="2026-05-16 18:32:00Z" duration="0.191993" total="7" passed="7" failed="0" inconclusive="0" skipped="0" asserts="0">
                <properties />
                <test-case id="1131" name="AtlasArtifactReaderFacade_ProducesSameArtifactAsBinaryReader" fullname="Lokrain.Atlas.Artifacts.Tests.AtlasArtifactBinaryReaderTests.AtlasArtifactReaderFacade_ProducesSameArtifactAsBinaryReader" methodname="AtlasArtifactReaderFacade_ProducesSameArtifactAsBinaryReader" classname="Lokrain.Atlas.Artifacts.Tests.AtlasArtifactBinaryReaderTests" runstate="Runnable" seed="96323936" result="Passed" start-time="2026-05-16 18:32:00Z" end-time="2026-05-16 18:32:00Z" duration="0.152867" asserts="0">
                  <properties>
                    <property name="retryIteration" value="0" />
                    <property name="repeatIteration" value="0" />
                  </properties>
                </test-case>
                <test-case id="1135" name="ReadFromStream_BadHeaderMagic_ThrowsInvalidDataException" fullname="Lokrain.Atlas.Artifacts.Tests.AtlasArtifactBinaryReaderTests.ReadFromStream_BadHeaderMagic_ThrowsInvalidDataException" methodname="ReadFromStream_BadHeaderMagic_ThrowsInvalidDataException" classname="Lokrain.Atlas.Artifacts.Tests.AtlasArtifactBinaryReaderTests" runstate="Runnable" seed="142023760" result="Passed" start-time="2026-05-16 18:32:00Z" end-time="2026-05-16 18:32:00Z" duration="0.005040" asserts="0">
                  <properties>
                    <property name="retryIteration" value="0" />
                    <property name="repeatIteration" value="0" />
                  </properties>
                </test-case>
                <test-case id="1133" name="ReadFromStream_BadWriterMarker_ThrowsInvalidDataException" fullname="Lokrain.Atlas.Artifacts.Tests.AtlasArtifactBinaryReaderTests.ReadFromStream_BadWriterMarker_ThrowsInvalidDataException" methodname="ReadFromStream_BadWriterMarker_ThrowsInvalidDataException" classname="Lokrain.Atlas.Artifacts.Tests.AtlasArtifactBinaryReaderTests" runstate="Runnable" seed="1373263149" result="Passed" start-time="2026-05-16 18:32:00Z" end-time="2026-05-16 18:32:00Z" duration="0.001456" asserts="0">
                  <properties>
                    <property name="retryIteration" value="0" />
                    <property name="repeatIteration" value="0" />
                  </properties>
                </test-case>
                <test-case id="1132" name="ReadFromStream_NullStream_ThrowsArgumentNullException" fullname="Lokrain.Atlas.Artifacts.Tests.AtlasArtifactBinaryReaderTests.ReadFromStream_NullStream_ThrowsArgumentNullException" methodname="ReadFromStream_NullStream_ThrowsArgumentNullException" classname="Lokrain.Atlas.Artifacts.Tests.AtlasArtifactBinaryReaderTests" runstate="Runnable" seed="229707088" result="Passed" start-time="2026-05-16 18:32:00Z" end-time="2026-05-16 18:32:00Z" duration="0.000560" asserts="0">
                  <properties>
                    <property name="retryIteration" value="0" />
                    <property name="repeatIteration" value="0" />
                  </properties>
                </test-case>
                <test-case id="1136" name="ReadFromStream_TruncatedPayload_ThrowsInvalidDataException" fullname="Lokrain.Atlas.Artifacts.Tests.AtlasArtifactBinaryReaderTests.ReadFromStream_TruncatedPayload_ThrowsInvalidDataException" methodname="ReadFromStream_TruncatedPayload_ThrowsInvalidDataException" classname="Lokrain.Atlas.Artifacts.Tests.AtlasArtifactBinaryReaderTests" runstate="Runnable" seed="1692815417" result="Passed" start-time="2026-05-16 18:32:00Z" end-time="2026-05-16 18:32:00Z" duration="0.000696" asserts="0">
                  <properties>
                    <property name="retryIteration" value="0" />
                    <property name="repeatIteration" value="0" />
                  </properties>
                </test-case>
                <test-case id="1134" name="ReadFromStream_UnsupportedWriterSchema_ThrowsInvalidDataException" fullname="Lokrain.Atlas.Artifacts.Tests.AtlasArtifactBinaryReaderTests.ReadFromStream_UnsupportedWriterSchema_ThrowsInvalidDataException" methodname="ReadFromStream_UnsupportedWriterSchema_ThrowsInvalidDataException" classname="Lokrain.Atlas.Artifacts.Tests.AtlasArtifactBinaryReaderTests" runstate="Runnable" seed="1012988662" result="Passed" start-time="2026-05-16 18:32:00Z" end-time="2026-05-16 18:32:00Z" duration="0.000898" asserts="0">
                  <properties>
                    <property name="retryIteration" value="0" />
                    <property name="repeatIteration" value="0" />
                  </properties>
                </test-case>
                <test-case id="1130" name="ReadFromStream_WriterOutput_RoundTripsArtifact" fullname="Lokrain.Atlas.Artifacts.Tests.AtlasArtifactBinaryReaderTests.ReadFromStream_WriterOutput_RoundTripsArtifact" methodname="ReadFromStream_WriterOutput_RoundTripsArtifact" classname="Lokrain.Atlas.Artifacts.Tests.AtlasArtifactBinaryReaderTests" runstate="Runnable" seed="190050637" result="Passed" start-time="2026-05-16 18:32:00Z" end-time="2026-05-16 18:32:00Z" duration="0.000586" asserts="0">
                  <properties>
                    <property name="retryIteration" value="0" />
                    <property name="repeatIteration" value="0" />
                  </properties>
                </test-case>
              </test-suite>
              <test-suite type="TestFixture" id="1137" name="AtlasArtifactBinaryWriterTests" fullname="Lokrain.Atlas.Artifacts.Tests.AtlasArtifactBinaryWriterTests" classname="Lokrain.Atlas.Artifacts.Tests.AtlasArtifactBinaryWriterTests" runstate="Runnable" testcasecount="5" result="Passed" start-time="2026-05-16 18:32:00Z" end-time="2026-05-16 18:32:00Z" duration="0.029676" total="5" passed="5" failed="0" inconclusive="0" skipped="0" asserts="0">
                <properties />
                <test-case id="1142" name="AtlasArtifactWriterFacade_ProducesSameBytesAsBinaryWriter" fullname="Lokrain.Atlas.Artifacts.Tests.AtlasArtifactBinaryWriterTests.AtlasArtifactWriterFacade_ProducesSameBytesAsBinaryWriter" methodname="AtlasArtifactWriterFacade_ProducesSameBytesAsBinaryWriter" classname="Lokrain.Atlas.Artifacts.Tests.AtlasArtifactBinaryWriterTests" runstate="Runnable" seed="231850744" result="Passed" start-time="2026-05-16 18:32:00Z" end-time="2026-05-16 18:32:00Z" duration="0.003688" asserts="0">
                  <properties>
                    <property name="retryIteration" value="0" />
                    <property name="repeatIteration" value="0" />
                  </properties>
                </test-case>
                <test-case id="1141" name="WriteToStream_NonWritableStream_ThrowsArgumentException" fullname="Lokrain.Atlas.Artifacts.Tests.AtlasArtifactBinaryWriterTests.WriteToStream_NonWritableStream_ThrowsArgumentException" methodname="WriteToStream_NonWritableStream_ThrowsArgumentException" classname="Lokrain.Atlas.Artifacts.Tests.AtlasArtifactBinaryWriterTests" runstate="Runnable" seed="945640625" result="Passed" start-time="2026-05-16 18:32:00Z" end-time="2026-05-16 18:32:00Z" duration="0.000814" asserts="0">
                  <properties>
                    <property name="retryIteration" value="0" />
                    <property name="repeatIteration" value="0" />
                  </properties>
                </test-case>
                <test-case id="1139" name="WriteToStream_NullArtifact_ThrowsArgumentNullException" fullname="Lokrain.Atlas.Artifacts.Tests.AtlasArtifactBinaryWriterTests.WriteToStream_NullArtifact_ThrowsArgumentNullException" methodname="WriteToStream_NullArtifact_ThrowsArgumentNullException" classname="Lokrain.Atlas.Artifacts.Tests.AtlasArtifactBinaryWriterTests" runstate="Runnable" seed="412194010" result="Passed" start-time="2026-05-16 18:32:00Z" end-time="2026-05-16 18:32:00Z" duration="0.000342" asserts="0">
                  <properties>
                    <property name="retryIteration" value="0" />
                    <property name="repeatIteration" value="0" />
                  </properties>
                </test-case>
                <test-case id="1140" name="WriteToStream_NullStream_ThrowsArgumentNullException" fullname="Lokrain.Atlas.Artifacts.Tests.AtlasArtifactBinaryWriterTests.WriteToStream_NullStream_ThrowsArgumentNullException" methodname="WriteToStream_NullStream_ThrowsArgumentNullException" classname="Lokrain.Atlas.Artifacts.Tests.AtlasArtifactBinaryWriterTests" runstate="Runnable" seed="506374770" result="Passed" start-time="2026-05-16 18:32:00Z" end-time="2026-05-16 18:32:00Z" duration="0.000629" asserts="0">
                  <properties>
                    <property name="retryIteration" value="0" />
                    <property name="repeatIteration" value="0" />
                  </properties>
                </test-case>
                <test-case id="1138" name="WriteToStream_ValidArtifact_WritesPreambleAndPayload" fullname="Lokrain.Atlas.Artifacts.Tests.AtlasArtifactBinaryWriterTests.WriteToStream_ValidArtifact_WritesPreambleAndPayload" methodname="WriteToStream_ValidArtifact_WritesPreambleAndPayload" classname="Lokrain.Atlas.Artifacts.Tests.AtlasArtifactBinaryWriterTests" runstate="Runnable" seed="1491860923" result="Passed" start-time="2026-05-16 18:32:00Z" end-time="2026-05-16 18:32:00Z" duration="0.003230" asserts="0">
                  <properties>
                    <property name="retryIteration" value="0" />
                    <property name="repeatIteration" value="0" />
                  </properties>
                </test-case>
              </test-suite>
              <test-suite type="TestFixture" id="1143" name="AtlasArtifactCaptureTests" fullname="Lokrain.Atlas.Artifacts.Tests.AtlasArtifactCaptureTests" classname="Lokrain.Atlas.Artifacts.Tests.AtlasArtifactCaptureTests" runstate="Runnable" testcasecount="2" result="Passed" start-time="2026-05-16 18:32:00Z" end-time="2026-05-16 18:32:00Z" duration="0.014443" total="2" passed="2" failed="0" inconclusive="0" skipped="0" asserts="0">
                <properties />
                <test-case id="1144" name="Capture_CompletedExecutionContext_ReturnsLogicalContentArtifact" fullname="Lokrain.Atlas.Artifacts.Tests.AtlasArtifactCaptureTests.Capture_CompletedExecutionContext_ReturnsLogicalContentArtifact" methodname="Capture_CompletedExecutionContext_ReturnsLogicalContentArtifact" classname="Lokrain.Atlas.Artifacts.Tests.AtlasArtifactCaptureTests" runstate="Runnable" seed="2073714384" result="Passed" start-time="2026-05-16 18:32:00Z" end-time="2026-05-16 18:32:00Z" duration="0.002779" asserts="0">
                  <properties>
                    <property name="retryIteration" value="0" />
                    <property name="repeatIteration" value="0" />
                  </properties>
                </test-case>
                <test-case id="1145" name="CaptureCapacitySnapshot_CompletedWorkspace_ReturnsExplicitCapacityPayloadArtifact" fullname="Lokrain.Atlas.Artifacts.Tests.AtlasArtifactCaptureTests.CaptureCapacitySnapshot_CompletedWorkspace_ReturnsExplicitCapacityPayloadArtifact" methodname="CaptureCapacitySnapshot_CompletedWorkspace_ReturnsExplicitCapacityPayloadArtifact" classname="Lokrain.Atlas.Artifacts.Tests.AtlasArtifactCaptureTests" runstate="Runnable" seed="878724232" result="Passed" start-time="2026-05-16 18:32:00Z" end-time="2026-05-16 18:32:00Z" duration="0.001831" asserts="0">
                  <properties>
                    <property name="retryIteration" value="0" />
                    <property name="repeatIteration" value="0" />
                  </properties>
                </test-case>
              </test-suite>
              <test-suite type="TestFixture" id="1146" name="AtlasArtifactFileReaderTests" fullname="Lokrain.Atlas.Artifacts.Tests.AtlasArtifactFileReaderTests" classname="Lokrain.Atlas.Artifacts.Tests.AtlasArtifactFileReaderTests" runstate="Runnable" testcasecount="4" result="Passed" start-time="2026-05-16 18:32:00Z" end-time="2026-05-16 18:32:00Z" duration="0.018128" total="4" passed="4" failed="0" inconclusive="0" skipped="0" asserts="0">
                <properties />
                <test-case id="1148" name="AtlasArtifactReaderFacade_ProducesSameArtifactAsFileReader" fullname="Lokrain.Atlas.Artifacts.Tests.AtlasArtifactFileReaderTests.AtlasArtifactReaderFacade_ProducesSameArtifactAsFileReader" methodname="AtlasArtifactReaderFacade_ProducesSameArtifactAsFileReader" classname="Lokrain.Atlas.Artifacts.Tests.AtlasArtifactFileReaderTests" runstate="Runnable" seed="137184036" result="Passed" start-time="2026-05-16 18:32:00Z" end-time="2026-05-16 18:32:00Z" duration="0.005928" asserts="0">
                  <properties>
                    <property name="retryIteration" value="0" />
                    <property name="repeatIteration" value="0" />
                  </properties>
                </test-case>
                <test-case id="1150" name="ReadFromFile_MissingFile_ThrowsFileNotFoundException" fullname="Lokrain.Atlas.Artifacts.Tests.AtlasArtifactFileReaderTests.ReadFromFile_MissingFile_ThrowsFileNotFoundException" methodname="ReadFromFile_MissingFile_ThrowsFileNotFoundException" classname="Lokrain.Atlas.Artifacts.Tests.AtlasArtifactFileReaderTests" runstate="Runnable" seed="1032009969" result="Passed" start-time="2026-05-16 18:32:00Z" end-time="2026-05-16 18:32:00Z" duration="0.001182" asserts="0">
                  <properties>
                    <property name="retryIteration" value="0" />
                    <property name="repeatIteration" value="0" />
                  </properties>
                </test-case>
                <test-case id="1149" name="ReadFromFile_WhitespacePath_ThrowsArgumentException" fullname="Lokrain.Atlas.Artifacts.Tests.AtlasArtifactFileReaderTests.ReadFromFile_WhitespacePath_ThrowsArgumentException" methodname="ReadFromFile_WhitespacePath_ThrowsArgumentException" classname="Lokrain.Atlas.Artifacts.Tests.AtlasArtifactFileReaderTests" runstate="Runnable" seed="1961782043" result="Passed" start-time="2026-05-16 18:32:00Z" end-time="2026-05-16 18:32:00Z" duration="0.000459" asserts="0">
                  <properties>
                    <property name="retryIteration" value="0" />
                    <property name="repeatIteration" value="0" />
                  </properties>
                </test-case>
                <test-case id="1147" name="ReadFromFile_WriterOutput_RoundTripsArtifact" fullname="Lokrain.Atlas.Artifacts.Tests.AtlasArtifactFileReaderTests.ReadFromFile_WriterOutput_RoundTripsArtifact" methodname="ReadFromFile_WriterOutput_RoundTripsArtifact" classname="Lokrain.Atlas.Artifacts.Tests.AtlasArtifactFileReaderTests" runstate="Runnable" seed="1450231481" result="Passed" start-time="2026-05-16 18:32:00Z" end-time="2026-05-16 18:32:00Z" duration="0.002489" asserts="0">
                  <properties>
                    <property name="retryIteration" value="0" />
                    <property name="repeatIteration" value="0" />
                  </properties>
                </test-case>
              </test-suite>
              <test-suite type="TestFixture" id="1151" name="AtlasArtifactFileWriterTests" fullname="Lokrain.Atlas.Artifacts.Tests.AtlasArtifactFileWriterTests" classname="Lokrain.Atlas.Artifacts.Tests.AtlasArtifactFileWriterTests" runstate="Runnable" testcasecount="3" result="Passed" start-time="2026-05-16 18:32:00Z" end-time="2026-05-16 18:32:00Z" duration="0.014746" total="3" passed="3" failed="0" inconclusive="0" skipped="0" asserts="0">
                <properties />
                <test-case id="1154" name="WriteToFile_ExistingFileWithoutOverwrite_ThrowsIOException" fullname="Lokrain.Atlas.Artifacts.Tests.AtlasArtifactFileWriterTests.WriteToFile_ExistingFileWithoutOverwrite_ThrowsIOException" methodname="WriteToFile_ExistingFileWithoutOverwrite_ThrowsIOException" classname="Lokrain.Atlas.Artifacts.Tests.AtlasArtifactFileWriterTests" runstate="Runnable" seed="1176289390" result="Passed" start-time="2026-05-16 18:32:00Z" end-time="2026-05-16 18:32:00Z" duration="0.003124" asserts="0">
                  <properties>
                    <property name="retryIteration" value="0" />
                    <property name="repeatIteration" value="0" />
                  </properties>
                </test-case>
                <test-case id="1152" name="WriteToFile_ValidArtifact_WritesSameBytesAsBinaryWriter" fullname="Lokrain.Atlas.Artifacts.Tests.AtlasArtifactFileWriterTests.WriteToFile_ValidArtifact_WritesSameBytesAsBinaryWriter" methodname="WriteToFile_ValidArtifact_WritesSameBytesAsBinaryWriter" classname="Lokrain.Atlas.Artifacts.Tests.AtlasArtifactFileWriterTests" runstate="Runnable" seed="1781280897" result="Passed" start-time="2026-05-16 18:32:00Z" end-time="2026-05-16 18:32:00Z" duration="0.003103" asserts="0">
                  <properties>
                    <property name="retryIteration" value="0" />
                    <property name="repeatIteration" value="0" />
                  </properties>
                </test-case>
                <test-case id="1153" name="WriteToFile_WhitespacePath_ThrowsArgumentException" fullname="Lokrain.Atlas.Artifacts.Tests.AtlasArtifactFileWriterTests.WriteToFile_WhitespacePath_ThrowsArgumentException" methodname="WriteToFile_WhitespacePath_ThrowsArgumentException" classname="Lokrain.Atlas.Artifacts.Tests.AtlasArtifactFileWriterTests" runstate="Runnable" seed="1907788700" result="Passed" start-time="2026-05-16 18:32:00Z" end-time="2026-05-16 18:32:00Z" duration="0.000707" asserts="0">
                  <properties>
                    <property name="retryIteration" value="0" />
                    <property name="repeatIteration" value="0" />
                  </properties>
                </test-case>
              </test-suite>
            </test-suite>
          </test-suite>
          <test-suite type="TestSuite" id="1170" name="Compilation" fullname="Lokrain.Atlas.Compilation" runstate="Runnable" testcasecount="28" result="Passed" start-time="2026-05-16 18:32:00Z" end-time="2026-05-16 18:32:00Z" duration="0.082013" total="28" passed="28" failed="0" inconclusive="0" skipped="0" asserts="0">
            <properties />
            <test-suite type="TestSuite" id="1171" name="Tests" fullname="Lokrain.Atlas.Compilation.Tests" runstate="Runnable" testcasecount="28" result="Passed" start-time="2026-05-16 18:32:00Z" end-time="2026-05-16 18:32:00Z" duration="0.074845" total="28" passed="28" failed="0" inconclusive="0" skipped="0" asserts="0">
              <properties />
              <test-suite type="TestFixture" id="1097" name="AtlasCompilationWorkflowTests" fullname="Lokrain.Atlas.Compilation.Tests.AtlasCompilationWorkflowTests" classname="Lokrain.Atlas.Compilation.Tests.AtlasCompilationWorkflowTests" runstate="Runnable" testcasecount="5" result="Passed" start-time="2026-05-16 18:32:00Z" end-time="2026-05-16 18:32:00Z" duration="0.017338" total="5" passed="5" failed="0" inconclusive="0" skipped="0" asserts="0">
                <properties />
                <test-case id="1100" name="CompileValidated_CompilationFailure_StopsBeforeCompiledPlanValidation" fullname="Lokrain.Atlas.Compilation.Tests.AtlasCompilationWorkflowTests.CompileValidated_CompilationFailure_StopsBeforeCompiledPlanValidation" methodname="CompileValidated_CompilationFailure_StopsBeforeCompiledPlanValidation" classname="Lokrain.Atlas.Compilation.Tests.AtlasCompilationWorkflowTests" runstate="Runnable" seed="2105329538" result="Passed" start-time="2026-05-16 18:32:00Z" end-time="2026-05-16 18:32:00Z" duration="0.004123" asserts="0">
                  <properties>
                    <property name="retryIteration" value="0" />
                    <property name="repeatIteration" value="0" />
                  </properties>
                </test-case>
                <test-case id="1101" name="CompileValidated_DataflowFailure_StopsBeforeWriteHazardValidation" fullname="Lokrain.Atlas.Compilation.Tests.AtlasCompilationWorkflowTests.CompileValidated_DataflowFailure_StopsBeforeWriteHazardValidation" methodname="CompileValidated_DataflowFailure_StopsBeforeWriteHazardValidation" classname="Lokrain.Atlas.Compilation.Tests.AtlasCompilationWorkflowTests" runstate="Runnable" seed="2101032690" result="Passed" start-time="2026-05-16 18:32:00Z" end-time="2026-05-16 18:32:00Z" duration="0.002178" asserts="0">
                  <properties>
                    <property name="retryIteration" value="0" />
                    <property name="repeatIteration" value="0" />
                  </properties>
                </test-case>
                <test-case id="1099" name="CompileValidated_PipelinePolicyFailure_StopsBeforeCompilation" fullname="Lokrain.Atlas.Compilation.Tests.AtlasCompilationWorkflowTests.CompileValidated_PipelinePolicyFailure_StopsBeforeCompilation" methodname="CompileValidated_PipelinePolicyFailure_StopsBeforeCompilation" classname="Lokrain.Atlas.Compilation.Tests.AtlasCompilationWorkflowTests" runstate="Runnable" seed="430755375" result="Passed" start-time="2026-05-16 18:32:00Z" end-time="2026-05-16 18:32:00Z" duration="0.000632" asserts="0">
                  <properties>
                    <property name="retryIteration" value="0" />
                    <property name="repeatIteration" value="0" />
                  </properties>
                </test-case>
                <test-case id="1098" name="CompileValidated_ValidPlan_ReturnsSuccessfulResultWithPlan" fullname="Lokrain.Atlas.Compilation.Tests.AtlasCompilationWorkflowTests.CompileValidated_ValidPlan_ReturnsSuccessfulResultWithPlan" methodname="CompileValidated_ValidPlan_ReturnsSuccessfulResultWithPlan" classname="Lokrain.Atlas.Compilation.Tests.AtlasCompilationWorkflowTests" runstate="Runnable" seed="1631226303" result="Passed" start-time="2026-05-16 18:32:00Z" end-time="2026-05-16 18:32:00Z" duration="0.002937" asserts="0">
                  <properties>
                    <property name="retryIteration" value="0" />
                    <property name="repeatIteration" value="0" />
                  </properties>
                </test-case>
                <test-case id="1102" name="CompileValidated_WriteHazardFailure_ReturnsWriteHazardDiagnostic" fullname="Lokrain.Atlas.Compilation.Tests.AtlasCompilationWorkflowTests.CompileValidated_WriteHazardFailure_ReturnsWriteHazardDiagnostic" methodname="CompileValidated_WriteHazardFailure_ReturnsWriteHazardDiagnostic" classname="Lokrain.Atlas.Compilation.Tests.AtlasCompilationWorkflowTests" runstate="Runnable" seed="1522805498" result="Passed" start-time="2026-05-16 18:32:00Z" end-time="2026-05-16 18:32:00Z" duration="0.000769" asserts="0">
                  <properties>
                    <property name="retryIteration" value="0" />
                    <property name="repeatIteration" value="0" />
                  </properties>
                </test-case>
              </test-suite>
              <test-suite type="TestFixture" id="1103" name="AtlasShapeResolverTests" fullname="Lokrain.Atlas.Compilation.Tests.AtlasShapeResolverTests" classname="Lokrain.Atlas.Compilation.Tests.AtlasShapeResolverTests" runstate="Runnable" testcasecount="23" result="Passed" start-time="2026-05-16 18:32:00Z" end-time="2026-05-16 18:32:00Z" duration="0.051644" total="23" passed="23" failed="0" inconclusive="0" skipped="0" asserts="0">
                <properties />
                <test-suite type="ParameterizedMethod" id="1124" name="CanResolveFromContractTableOnly_ReturnsExpectedValue" fullname="Lokrain.Atlas.Compilation.Tests.AtlasShapeResolverTests.CanResolveFromContractTableOnly_ReturnsExpectedValue" classname="Lokrain.Atlas.Compilation.Tests.AtlasShapeResolverTests" runstate="Runnable" testcasecount="9" result="Passed" start-time="2026-05-16 18:32:00Z" end-time="2026-05-16 18:32:00Z" duration="0.007069" total="9" passed="9" failed="0" inconclusive="0" skipped="0" asserts="0">
                  <properties />
                  <test-case id="1115" name="CanResolveFromContractTableOnly_ReturnsExpectedValue(Scalar,True)" fullname="Lokrain.Atlas.Compilation.Tests.AtlasShapeResolverTests.CanResolveFromContractTableOnly_ReturnsExpectedValue(Scalar,True)" methodname="CanResolveFromContractTableOnly_ReturnsExpectedValue" classname="Lokrain.Atlas.Compilation.Tests.AtlasShapeResolverTests" runstate="Runnable" seed="1845531871" result="Passed" start-time="2026-05-16 18:32:00Z" end-time="2026-05-16 18:32:00Z" duration="0.000673" asserts="0">
                    <properties>
                      <property name="retryIteration" value="0" />
                      <property name="repeatIteration" value="0" />
                    </properties>
                  </test-case>
                  <test-case id="1116" name="CanResolveFromContractTableOnly_ReturnsExpectedValue(Fixed,True)" fullname="Lokrain.Atlas.Compilation.Tests.AtlasShapeResolverTests.CanResolveFromContractTableOnly_ReturnsExpectedValue(Fixed,True)" methodname="CanResolveFromContractTableOnly_ReturnsExpectedValue" classname="Lokrain.Atlas.Compilation.Tests.AtlasShapeResolverTests" runstate="Runnable" seed="67112917" result="Passed" start-time="2026-05-16 18:32:00Z" end-time="2026-05-16 18:32:00Z" duration="0.000122" asserts="0">
                    <properties>
                      <property name="retryIteration" value="0" />
                      <property name="repeatIteration" value="0" />
                    </properties>
                  </test-case>
                  <test-case id="1117" name="CanResolveFromContractTableOnly_ReturnsExpectedValue(MatchFieldLength,True)" fullname="Lokrain.Atlas.Compilation.Tests.AtlasShapeResolverTests.CanResolveFromContractTableOnly_ReturnsExpectedValue(MatchFieldLength,True)" methodname="CanResolveFromContractTableOnly_ReturnsExpectedValue" classname="Lokrain.Atlas.Compilation.Tests.AtlasShapeResolverTests" runstate="Runnable" seed="1966256211" result="Passed" start-time="2026-05-16 18:32:00Z" end-time="2026-05-16 18:32:00Z" duration="0.000112" asserts="0">
                    <properties>
                      <property name="retryIteration" value="0" />
                      <property name="repeatIteration" value="0" />
                    </properties>
                  </test-case>
                  <test-case id="1118" name="CanResolveFromContractTableOnly_ReturnsExpectedValue(CapacityFromField,True)" fullname="Lokrain.Atlas.Compilation.Tests.AtlasShapeResolverTests.CanResolveFromContractTableOnly_ReturnsExpectedValue(CapacityFromField,True)" methodname="CanResolveFromContractTableOnly_ReturnsExpectedValue" classname="Lokrain.Atlas.Compilation.Tests.AtlasShapeResolverTests" runstate="Runnable" seed="336418658" result="Passed" start-time="2026-05-16 18:32:00Z" end-time="2026-05-16 18:32:00Z" duration="0.000102" asserts="0">
                    <properties>
                      <property name="retryIteration" value="0" />
                      <property name="repeatIteration" value="0" />
                    </properties>
                  </test-case>
                  <test-case id="1119" name="CanResolveFromContractTableOnly_ReturnsExpectedValue(QueryCount,False)" fullname="Lokrain.Atlas.Compilation.Tests.AtlasShapeResolverTests.CanResolveFromContractTableOnly_ReturnsExpectedValue(QueryCount,False)" methodname="CanResolveFromContractTableOnly_ReturnsExpectedValue" classname="Lokrain.Atlas.Compilation.Tests.AtlasShapeResolverTests" runstate="Runnable" seed="402043052" result="Passed" start-time="2026-05-16 18:32:00Z" end-time="2026-05-16 18:32:00Z" duration="0.000115" asserts="0">
                    <properties>
                      <property name="retryIteration" value="0" />
                      <property name="repeatIteration" value="0" />
                    </properties>
                  </test-case>
                  <test-case id="1120" name="CanResolveFromContractTableOnly_ReturnsExpectedValue(ChunkCount,False)" fullname="Lokrain.Atlas.Compilation.Tests.AtlasShapeResolverTests.CanResolveFromContractTableOnly_ReturnsExpectedValue(ChunkCount,False)" methodname="CanResolveFromContractTableOnly_ReturnsExpectedValue" classname="Lokrain.Atlas.Compilation.Tests.AtlasShapeResolverTests" runstate="Runnable" seed="304222474" result="Passed" start-time="2026-05-16 18:32:00Z" end-time="2026-05-16 18:32:00Z" duration="0.000108" asserts="0">
                    <properties>
                      <property name="retryIteration" value="0" />
                      <property name="repeatIteration" value="0" />
                    </properties>
                  </test-case>
                  <test-case id="1121" name="CanResolveFromContractTableOnly_ReturnsExpectedValue(PrefixSumPayload,False)" fullname="Lokrain.Atlas.Compilation.Tests.AtlasShapeResolverTests.CanResolveFromContractTableOnly_ReturnsExpectedValue(PrefixSumPayload,False)" methodname="CanResolveFromContractTableOnly_ReturnsExpectedValue" classname="Lokrain.Atlas.Compilation.Tests.AtlasShapeResolverTests" runstate="Runnable" seed="1776189189" result="Passed" start-time="2026-05-16 18:32:00Z" end-time="2026-05-16 18:32:00Z" duration="0.000098" asserts="0">
                    <properties>
                      <property name="retryIteration" value="0" />
                      <property name="repeatIteration" value="0" />
                    </properties>
                  </test-case>
                  <test-case id="1122" name="CanResolveFromContractTableOnly_ReturnsExpectedValue(External,False)" fullname="Lokrain.Atlas.Compilation.Tests.AtlasShapeResolverTests.CanResolveFromContractTableOnly_ReturnsExpectedValue(External,False)" methodname="CanResolveFromContractTableOnly_ReturnsExpectedValue" classname="Lokrain.Atlas.Compilation.Tests.AtlasShapeResolverTests" runstate="Runnable" seed="2109895972" result="Passed" start-time="2026-05-16 18:32:00Z" end-time="2026-05-16 18:32:00Z" duration="0.000101" asserts="0">
                    <properties>
                      <property name="retryIteration" value="0" />
                      <property name="repeatIteration" value="0" />
                    </properties>
                  </test-case>
                  <test-case id="1123" name="CanResolveFromContractTableOnly_ReturnsExpectedValue(None,False)" fullname="Lokrain.Atlas.Compilation.Tests.AtlasShapeResolverTests.CanResolveFromContractTableOnly_ReturnsExpectedValue(None,False)" methodname="CanResolveFromContractTableOnly_ReturnsExpectedValue" classname="Lokrain.Atlas.Compilation.Tests.AtlasShapeResolverTests" runstate="Runnable" seed="2040069561" result="Passed" start-time="2026-05-16 18:32:00Z" end-time="2026-05-16 18:32:00Z" duration="0.000108" asserts="0">
                    <properties>
                      <property name="retryIteration" value="0" />
                      <property name="repeatIteration" value="0" />
                    </properties>
                  </test-case>
                </test-suite>
                <test-case id="1128" name="CreateContract_ScalarLengthWithLinearRowsDomain_ThrowsArgumentException" fullname="Lokrain.Atlas.Compilation.Tests.AtlasShapeResolverTests.CreateContract_ScalarLengthWithLinearRowsDomain_ThrowsArgumentException" methodname="CreateContract_ScalarLengthWithLinearRowsDomain_ThrowsArgumentException" classname="Lokrain.Atlas.Compilation.Tests.AtlasShapeResolverTests" runstate="Runnable" seed="1531094088" result="Passed" start-time="2026-05-16 18:32:00Z" end-time="2026-05-16 18:32:00Z" duration="0.000848" asserts="0">
                  <properties>
                    <property name="retryIteration" value="0" />
                    <property name="repeatIteration" value="0" />
                  </properties>
                </test-case>
                <test-case id="1108" name="CreateContractTable_MissingFieldRelativeSource_ThrowsArgumentException" fullname="Lokrain.Atlas.Compilation.Tests.AtlasShapeResolverTests.CreateContractTable_MissingFieldRelativeSource_ThrowsArgumentException" methodname="CreateContractTable_MissingFieldRelativeSource_ThrowsArgumentException" classname="Lokrain.Atlas.Compilation.Tests.AtlasShapeResolverTests" runstate="Runnable" seed="1493462677" result="Passed" start-time="2026-05-16 18:32:00Z" end-time="2026-05-16 18:32:00Z" duration="0.001246" asserts="0">
                  <properties>
                    <property name="retryIteration" value="0" />
                    <property name="repeatIteration" value="0" />
                  </properties>
                </test-case>
                <test-case id="1107" name="Resolve_CapacityFromField_AppliesCeilingMultiplierAndPadding" fullname="Lokrain.Atlas.Compilation.Tests.AtlasShapeResolverTests.Resolve_CapacityFromField_AppliesCeilingMultiplierAndPadding" methodname="Resolve_CapacityFromField_AppliesCeilingMultiplierAndPadding" classname="Lokrain.Atlas.Compilation.Tests.AtlasShapeResolverTests" runstate="Runnable" seed="215710655" result="Passed" start-time="2026-05-16 18:32:00Z" end-time="2026-05-16 18:32:00Z" duration="0.003171" asserts="0">
                  <properties>
                    <property name="retryIteration" value="0" />
                    <property name="repeatIteration" value="0" />
                  </properties>
                </test-case>
                <test-case id="1127" name="Resolve_CompiledPlan_UsesPlanContractTable" fullname="Lokrain.Atlas.Compilation.Tests.AtlasShapeResolverTests.Resolve_CompiledPlan_UsesPlanContractTable" methodname="Resolve_CompiledPlan_UsesPlanContractTable" classname="Lokrain.Atlas.Compilation.Tests.AtlasShapeResolverTests" runstate="Runnable" seed="1622335855" result="Passed" start-time="2026-05-16 18:32:00Z" end-time="2026-05-16 18:32:00Z" duration="0.001814" asserts="0">
                  <properties>
                    <property name="retryIteration" value="0" />
                    <property name="repeatIteration" value="0" />
                  </properties>
                </test-case>
                <test-case id="1109" name="Resolve_CyclicFieldRelativeDependency_ThrowsInvalidOperationException" fullname="Lokrain.Atlas.Compilation.Tests.AtlasShapeResolverTests.Resolve_CyclicFieldRelativeDependency_ThrowsInvalidOperationException" methodname="Resolve_CyclicFieldRelativeDependency_ThrowsInvalidOperationException" classname="Lokrain.Atlas.Compilation.Tests.AtlasShapeResolverTests" runstate="Runnable" seed="483177043" result="Passed" start-time="2026-05-16 18:32:00Z" end-time="2026-05-16 18:32:00Z" duration="0.001179" asserts="0">
                  <properties>
                    <property name="retryIteration" value="0" />
                    <property name="repeatIteration" value="0" />
                  </properties>
                </test-case>
                <test-case id="1105" name="Resolve_FixedContract_ResolvesLengthCapacityAndByteCounts" fullname="Lokrain.Atlas.Compilation.Tests.AtlasShapeResolverTests.Resolve_FixedContract_ResolvesLengthCapacityAndByteCounts" methodname="Resolve_FixedContract_ResolvesLengthCapacityAndByteCounts" classname="Lokrain.Atlas.Compilation.Tests.AtlasShapeResolverTests" runstate="Runnable" seed="1344082915" result="Passed" start-time="2026-05-16 18:32:00Z" end-time="2026-05-16 18:32:00Z" duration="0.001257" asserts="0">
                  <properties>
                    <property name="retryIteration" value="0" />
                    <property name="repeatIteration" value="0" />
                  </properties>
                </test-case>
                <test-case id="1106" name="Resolve_MatchFieldLength_SourceOrderDoesNotMatter" fullname="Lokrain.Atlas.Compilation.Tests.AtlasShapeResolverTests.Resolve_MatchFieldLength_SourceOrderDoesNotMatter" methodname="Resolve_MatchFieldLength_SourceOrderDoesNotMatter" classname="Lokrain.Atlas.Compilation.Tests.AtlasShapeResolverTests" runstate="Runnable" seed="515643413" result="Passed" start-time="2026-05-16 18:32:00Z" end-time="2026-05-16 18:32:00Z" duration="0.000729" asserts="0">
                  <properties>
                    <property name="retryIteration" value="0" />
                    <property name="repeatIteration" value="0" />
                  </properties>
                </test-case>
                <test-suite type="ParameterizedMethod" id="1114" name="Resolve_ResolverInputDependentShape_ThrowsNotSupportedException" fullname="Lokrain.Atlas.Compilation.Tests.AtlasShapeResolverTests.Resolve_ResolverInputDependentShape_ThrowsNotSupportedException" classname="Lokrain.Atlas.Compilation.Tests.AtlasShapeResolverTests" runstate="Runnable" testcasecount="4" result="Passed" start-time="2026-05-16 18:32:00Z" end-time="2026-05-16 18:32:00Z" duration="0.016299" total="4" passed="4" failed="0" inconclusive="0" skipped="0" asserts="0">
                  <properties />
                  <test-case id="1110" name="Resolve_ResolverInputDependentShape_ThrowsNotSupportedException(QueryCount)" fullname="Lokrain.Atlas.Compilation.Tests.AtlasShapeResolverTests.Resolve_ResolverInputDependentShape_ThrowsNotSupportedException(QueryCount)" methodname="Resolve_ResolverInputDependentShape_ThrowsNotSupportedException" classname="Lokrain.Atlas.Compilation.Tests.AtlasShapeResolverTests" runstate="Runnable" seed="891395894" result="Passed" start-time="2026-05-16 18:32:00Z" end-time="2026-05-16 18:32:00Z" duration="0.002107" asserts="0">
                    <properties>
                      <property name="retryIteration" value="0" />
                      <property name="repeatIteration" value="0" />
                    </properties>
                  </test-case>
                  <test-case id="1111" name="Resolve_ResolverInputDependentShape_ThrowsNotSupportedException(ChunkCount)" fullname="Lokrain.Atlas.Compilation.Tests.AtlasShapeResolverTests.Resolve_ResolverInputDependentShape_ThrowsNotSupportedException(ChunkCount)" methodname="Resolve_ResolverInputDependentShape_ThrowsNotSupportedException" classname="Lokrain.Atlas.Compilation.Tests.AtlasShapeResolverTests" runstate="Runnable" seed="659870878" result="Passed" start-time="2026-05-16 18:32:00Z" end-time="2026-05-16 18:32:00Z" duration="0.000430" asserts="0">
                    <properties>
                      <property name="retryIteration" value="0" />
                      <property name="repeatIteration" value="0" />
                    </properties>
                  </test-case>
                  <test-case id="1112" name="Resolve_ResolverInputDependentShape_ThrowsNotSupportedException(PrefixSumPayload)" fullname="Lokrain.Atlas.Compilation.Tests.AtlasShapeResolverTests.Resolve_ResolverInputDependentShape_ThrowsNotSupportedException(PrefixSumPayload)" methodname="Resolve_ResolverInputDependentShape_ThrowsNotSupportedException" classname="Lokrain.Atlas.Compilation.Tests.AtlasShapeResolverTests" runstate="Runnable" seed="305958348" result="Passed" start-time="2026-05-16 18:32:00Z" end-time="2026-05-16 18:32:00Z" duration="0.000530" asserts="0">
                    <properties>
                      <property name="retryIteration" value="0" />
                      <property name="repeatIteration" value="0" />
                    </properties>
                  </test-case>
                  <test-case id="1113" name="Resolve_ResolverInputDependentShape_ThrowsNotSupportedException(External)" fullname="Lokrain.Atlas.Compilation.Tests.AtlasShapeResolverTests.Resolve_ResolverInputDependentShape_ThrowsNotSupportedException(External)" methodname="Resolve_ResolverInputDependentShape_ThrowsNotSupportedException" classname="Lokrain.Atlas.Compilation.Tests.AtlasShapeResolverTests" runstate="Runnable" seed="1508659680" result="Passed" start-time="2026-05-16 18:32:00Z" end-time="2026-05-16 18:32:00Z" duration="0.000348" asserts="0">
                    <properties>
                      <property name="retryIteration" value="0" />
                      <property name="repeatIteration" value="0" />
                    </properties>
                  </test-case>
                </test-suite>
                <test-case id="1104" name="Resolve_ScalarContract_ResolvesLengthAndCapacityOneAndPreservesMetadata" fullname="Lokrain.Atlas.Compilation.Tests.AtlasShapeResolverTests.Resolve_ScalarContract_ResolvesLengthAndCapacityOneAndPreservesMetadata" methodname="Resolve_ScalarContract_ResolvesLengthAndCapacityOneAndPreservesMetadata" classname="Lokrain.Atlas.Compilation.Tests.AtlasShapeResolverTests" runstate="Runnable" seed="1665828659" result="Passed" start-time="2026-05-16 18:32:00Z" end-time="2026-05-16 18:32:00Z" duration="0.001846" asserts="0">
                  <properties>
                    <property name="retryIteration" value="0" />
                    <property name="repeatIteration" value="0" />
                  </properties>
                </test-case>
                <test-case id="1125" name="ValidateResolvableFromContractTableOnlyOrThrow_ResolvableTable_DoesNotThrow" fullname="Lokrain.Atlas.Compilation.Tests.AtlasShapeResolverTests.ValidateResolvableFromContractTableOnlyOrThrow_ResolvableTable_DoesNotThrow" methodname="ValidateResolvableFromContractTableOnlyOrThrow_ResolvableTable_DoesNotThrow" classname="Lokrain.Atlas.Compilation.Tests.AtlasShapeResolverTests" runstate="Runnable" seed="128214296" result="Passed" start-time="2026-05-16 18:32:00Z" end-time="2026-05-16 18:32:00Z" duration="0.001665" asserts="0">
                  <properties>
                    <property name="retryIteration" value="0" />
                    <property name="repeatIteration" value="0" />
                  </properties>
                </test-case>
                <test-case id="1126" name="ValidateResolvableFromContractTableOnlyOrThrow_UnsupportedTable_ThrowsNotSupportedException" fullname="Lokrain.Atlas.Compilation.Tests.AtlasShapeResolverTests.ValidateResolvableFromContractTableOnlyOrThrow_UnsupportedTable_ThrowsNotSupportedException" methodname="ValidateResolvableFromContractTableOnlyOrThrow_UnsupportedTable_ThrowsNotSupportedException" classname="Lokrain.Atlas.Compilation.Tests.AtlasShapeResolverTests" runstate="Runnable" seed="364639547" result="Passed" start-time="2026-05-16 18:32:00Z" end-time="2026-05-16 18:32:00Z" duration="0.000615" asserts="0">
                  <properties>
                    <property name="retryIteration" value="0" />
                    <property name="repeatIteration" value="0" />
                  </properties>
                </test-case>
              </test-suite>
            </test-suite>
          </test-suite>
          <test-suite type="TestSuite" id="1168" name="Contracts" fullname="Lokrain.Atlas.Contracts" runstate="Runnable" testcasecount="13" result="Passed" start-time="2026-05-16 18:32:00Z" end-time="2026-05-16 18:32:00Z" duration="0.080230" total="13" passed="13" failed="0" inconclusive="0" skipped="0" asserts="0">
            <properties />
            <test-suite type="TestSuite" id="1169" name="Tests" fullname="Lokrain.Atlas.Contracts.Tests" runstate="Runnable" testcasecount="13" result="Passed" start-time="2026-05-16 18:32:00Z" end-time="2026-05-16 18:32:00Z" duration="0.055200" total="13" passed="13" failed="0" inconclusive="0" skipped="0" asserts="0">
              <properties />
              <test-suite type="TestFixture" id="1083" name="AtlasContractCatalogTests" fullname="Lokrain.Atlas.Contracts.Tests.AtlasContractCatalogTests" classname="Lokrain.Atlas.Contracts.Tests.AtlasContractCatalogTests" runstate="Runnable" testcasecount="13" result="Passed" start-time="2026-05-16 18:32:00Z" end-time="2026-05-16 18:32:00Z" duration="0.021095" total="13" passed="13" failed="0" inconclusive="0" skipped="0" asserts="0">
                <properties />
                <test-case id="1088" name="Create_WithDefaultContract_ThrowsArgumentException" fullname="Lokrain.Atlas.Contracts.Tests.AtlasContractCatalogTests.Create_WithDefaultContract_ThrowsArgumentException" methodname="Create_WithDefaultContract_ThrowsArgumentException" classname="Lokrain.Atlas.Contracts.Tests.AtlasContractCatalogTests" runstate="Runnable" seed="1079245158" result="Passed" start-time="2026-05-16 18:32:00Z" end-time="2026-05-16 18:32:00Z" duration="0.004189" asserts="0">
                  <properties>
                    <property name="retryIteration" value="0" />
                    <property name="repeatIteration" value="0" />
                  </properties>
                </test-case>
                <test-case id="1087" name="Create_WithDuplicateDebugName_ThrowsArgumentException" fullname="Lokrain.Atlas.Contracts.Tests.AtlasContractCatalogTests.Create_WithDuplicateDebugName_ThrowsArgumentException" methodname="Create_WithDuplicateDebugName_ThrowsArgumentException" classname="Lokrain.Atlas.Contracts.Tests.AtlasContractCatalogTests" runstate="Runnable" seed="995013025" result="Passed" start-time="2026-05-16 18:32:00Z" end-time="2026-05-16 18:32:00Z" duration="0.000500" asserts="0">
                  <properties>
                    <property name="retryIteration" value="0" />
                    <property name="repeatIteration" value="0" />
                  </properties>
                </test-case>
                <test-case id="1086" name="Create_WithDuplicateDurableIdentityVersion_ThrowsArgumentException" fullname="Lokrain.Atlas.Contracts.Tests.AtlasContractCatalogTests.Create_WithDuplicateDurableIdentityVersion_ThrowsArgumentException" methodname="Create_WithDuplicateDurableIdentityVersion_ThrowsArgumentException" classname="Lokrain.Atlas.Contracts.Tests.AtlasContractCatalogTests" runstate="Runnable" seed="2131185263" result="Passed" start-time="2026-05-16 18:32:00Z" end-time="2026-05-16 18:32:00Z" duration="0.000479" asserts="0">
                  <properties>
                    <property name="retryIteration" value="0" />
                    <property name="repeatIteration" value="0" />
                  </properties>
                </test-case>
                <test-case id="1085" name="Create_WithDuplicateStableId_ThrowsArgumentException" fullname="Lokrain.Atlas.Contracts.Tests.AtlasContractCatalogTests.Create_WithDuplicateStableId_ThrowsArgumentException" methodname="Create_WithDuplicateStableId_ThrowsArgumentException" classname="Lokrain.Atlas.Contracts.Tests.AtlasContractCatalogTests" runstate="Runnable" seed="605927255" result="Passed" start-time="2026-05-16 18:32:00Z" end-time="2026-05-16 18:32:00Z" duration="0.000438" asserts="0">
                  <properties>
                    <property name="retryIteration" value="0" />
                    <property name="repeatIteration" value="0" />
                  </properties>
                </test-case>
                <test-case id="1084" name="Create_WithUniqueContracts_PreservesCatalogOrderAndStripsSlots" fullname="Lokrain.Atlas.Contracts.Tests.AtlasContractCatalogTests.Create_WithUniqueContracts_PreservesCatalogOrderAndStripsSlots" methodname="Create_WithUniqueContracts_PreservesCatalogOrderAndStripsSlots" classname="Lokrain.Atlas.Contracts.Tests.AtlasContractCatalogTests" runstate="Runnable" seed="1981929789" result="Passed" start-time="2026-05-16 18:32:00Z" end-time="2026-05-16 18:32:00Z" duration="0.000881" asserts="0">
                  <properties>
                    <property name="retryIteration" value="0" />
                    <property name="repeatIteration" value="0" />
                  </properties>
                </test-case>
                <test-case id="1089" name="Create_WithZeroStableId_PreservesContract" fullname="Lokrain.Atlas.Contracts.Tests.AtlasContractCatalogTests.Create_WithZeroStableId_PreservesContract" methodname="Create_WithZeroStableId_PreservesContract" classname="Lokrain.Atlas.Contracts.Tests.AtlasContractCatalogTests" runstate="Runnable" seed="1005935756" result="Passed" start-time="2026-05-16 18:32:00Z" end-time="2026-05-16 18:32:00Z" duration="0.001445" asserts="0">
                  <properties>
                    <property name="retryIteration" value="0" />
                    <property name="repeatIteration" value="0" />
                  </properties>
                </test-case>
                <test-case id="1095" name="CreateContractTable_FromCatalogIds_AssignsFreshCanonicalSlotsInRequestedOrder" fullname="Lokrain.Atlas.Contracts.Tests.AtlasContractCatalogTests.CreateContractTable_FromCatalogIds_AssignsFreshCanonicalSlotsInRequestedOrder" methodname="CreateContractTable_FromCatalogIds_AssignsFreshCanonicalSlotsInRequestedOrder" classname="Lokrain.Atlas.Contracts.Tests.AtlasContractCatalogTests" runstate="Runnable" seed="1011463749" result="Passed" start-time="2026-05-16 18:32:00Z" end-time="2026-05-16 18:32:00Z" duration="0.001082" asserts="0">
                  <properties>
                    <property name="retryIteration" value="0" />
                    <property name="repeatIteration" value="0" />
                  </properties>
                </test-case>
                <test-case id="1096" name="CreateContractTable_WithRepeatedFieldId_ThrowsArgumentException" fullname="Lokrain.Atlas.Contracts.Tests.AtlasContractCatalogTests.CreateContractTable_WithRepeatedFieldId_ThrowsArgumentException" methodname="CreateContractTable_WithRepeatedFieldId_ThrowsArgumentException" classname="Lokrain.Atlas.Contracts.Tests.AtlasContractCatalogTests" runstate="Runnable" seed="427932827" result="Passed" start-time="2026-05-16 18:32:00Z" end-time="2026-05-16 18:32:00Z" duration="0.000453" asserts="0">
                  <properties>
                    <property name="retryIteration" value="0" />
                    <property name="repeatIteration" value="0" />
                  </properties>
                </test-case>
                <test-case id="1093" name="GetRequiredContract_MissingStableId_ThrowsKeyNotFoundException" fullname="Lokrain.Atlas.Contracts.Tests.AtlasContractCatalogTests.GetRequiredContract_MissingStableId_ThrowsKeyNotFoundException" methodname="GetRequiredContract_MissingStableId_ThrowsKeyNotFoundException" classname="Lokrain.Atlas.Contracts.Tests.AtlasContractCatalogTests" runstate="Runnable" seed="1101960769" result="Passed" start-time="2026-05-16 18:32:00Z" end-time="2026-05-16 18:32:00Z" duration="0.000542" asserts="0">
                  <properties>
                    <property name="retryIteration" value="0" />
                    <property name="repeatIteration" value="0" />
                  </properties>
                </test-case>
                <test-case id="1094" name="ProviderInterface_ByStableId_ReturnsExpectedContract" fullname="Lokrain.Atlas.Contracts.Tests.AtlasContractCatalogTests.ProviderInterface_ByStableId_ReturnsExpectedContract" methodname="ProviderInterface_ByStableId_ReturnsExpectedContract" classname="Lokrain.Atlas.Contracts.Tests.AtlasContractCatalogTests" runstate="Runnable" seed="121450825" result="Passed" start-time="2026-05-16 18:32:00Z" end-time="2026-05-16 18:32:00Z" duration="0.000318" asserts="0">
                  <properties>
                    <property name="retryIteration" value="0" />
                    <property name="repeatIteration" value="0" />
                  </properties>
                </test-case>
                <test-case id="1091" name="TryGetContract_ByDebugName_ReturnsExpectedContract" fullname="Lokrain.Atlas.Contracts.Tests.AtlasContractCatalogTests.TryGetContract_ByDebugName_ReturnsExpectedContract" methodname="TryGetContract_ByDebugName_ReturnsExpectedContract" classname="Lokrain.Atlas.Contracts.Tests.AtlasContractCatalogTests" runstate="Runnable" seed="964677040" result="Passed" start-time="2026-05-16 18:32:00Z" end-time="2026-05-16 18:32:00Z" duration="0.001616" asserts="0">
                  <properties>
                    <property name="retryIteration" value="0" />
                    <property name="repeatIteration" value="0" />
                  </properties>
                </test-case>
                <test-case id="1090" name="TryGetContract_ByStableId_ReturnsExpectedContract" fullname="Lokrain.Atlas.Contracts.Tests.AtlasContractCatalogTests.TryGetContract_ByStableId_ReturnsExpectedContract" methodname="TryGetContract_ByStableId_ReturnsExpectedContract" classname="Lokrain.Atlas.Contracts.Tests.AtlasContractCatalogTests" runstate="Runnable" seed="1394366347" result="Passed" start-time="2026-05-16 18:32:00Z" end-time="2026-05-16 18:32:00Z" duration="0.000692" asserts="0">
                  <properties>
                    <property name="retryIteration" value="0" />
                    <property name="repeatIteration" value="0" />
                  </properties>
                </test-case>
                <test-case id="1092" name="TryGetContract_MissingStableId_ReturnsFalseAndDefaultContractPayload" fullname="Lokrain.Atlas.Contracts.Tests.AtlasContractCatalogTests.TryGetContract_MissingStableId_ReturnsFalseAndDefaultContractPayload" methodname="TryGetContract_MissingStableId_ReturnsFalseAndDefaultContractPayload" classname="Lokrain.Atlas.Contracts.Tests.AtlasContractCatalogTests" runstate="Runnable" seed="774369343" result="Passed" start-time="2026-05-16 18:32:00Z" end-time="2026-05-16 18:32:00Z" duration="0.000583" asserts="0">
                  <properties>
                    <property name="retryIteration" value="0" />
                    <property name="repeatIteration" value="0" />
                  </properties>
                </test-case>
              </test-suite>
            </test-suite>
          </test-suite>
          <test-suite type="TestSuite" id="1166" name="Debugging" fullname="Lokrain.Atlas.Debugging" runstate="Runnable" testcasecount="5" result="Passed" start-time="2026-05-16 18:32:00Z" end-time="2026-05-16 18:32:00Z" duration="0.029051" total="5" passed="5" failed="0" inconclusive="0" skipped="0" asserts="0">
            <properties />
            <test-suite type="TestSuite" id="1167" name="Tests" fullname="Lokrain.Atlas.Debugging.Tests" runstate="Runnable" testcasecount="5" result="Passed" start-time="2026-05-16 18:32:00Z" end-time="2026-05-16 18:32:00Z" duration="0.022625" total="5" passed="5" failed="0" inconclusive="0" skipped="0" asserts="0">
              <properties />
              <test-suite type="TestFixture" id="1077" name="AtlasDebugMapExporterTests" fullname="Lokrain.Atlas.Debugging.Tests.AtlasDebugMapExporterTests" classname="Lokrain.Atlas.Debugging.Tests.AtlasDebugMapExporterTests" runstate="Runnable" testcasecount="5" result="Passed" start-time="2026-05-16 18:32:00Z" end-time="2026-05-16 18:32:00Z" duration="0.018516" total="5" passed="5" failed="0" inconclusive="0" skipped="0" asserts="0">
                <properties />
                <test-case id="1079" name="ExportFromArtifact_ByteMaskByStableId_WritesTgaAndReturnsImage" fullname="Lokrain.Atlas.Debugging.Tests.AtlasDebugMapExporterTests.ExportFromArtifact_ByteMaskByStableId_WritesTgaAndReturnsImage" methodname="ExportFromArtifact_ByteMaskByStableId_WritesTgaAndReturnsImage" classname="Lokrain.Atlas.Debugging.Tests.AtlasDebugMapExporterTests" runstate="Runnable" seed="99719787" result="Passed" start-time="2026-05-16 18:32:00Z" end-time="2026-05-16 18:32:00Z" duration="0.009006" asserts="0">
                  <properties>
                    <property name="retryIteration" value="0" />
                    <property name="repeatIteration" value="0" />
                  </properties>
                </test-case>
                <test-case id="1081" name="ExportFromArtifact_NullArtifact_ThrowsArgumentNullException" fullname="Lokrain.Atlas.Debugging.Tests.AtlasDebugMapExporterTests.ExportFromArtifact_NullArtifact_ThrowsArgumentNullException" methodname="ExportFromArtifact_NullArtifact_ThrowsArgumentNullException" classname="Lokrain.Atlas.Debugging.Tests.AtlasDebugMapExporterTests" runstate="Runnable" seed="2144334295" result="Passed" start-time="2026-05-16 18:32:00Z" end-time="2026-05-16 18:32:00Z" duration="0.000410" asserts="0">
                  <properties>
                    <property name="retryIteration" value="0" />
                    <property name="repeatIteration" value="0" />
                  </properties>
                </test-case>
                <test-case id="1082" name="ExportFromArtifact_NullRequest_ThrowsArgumentNullException" fullname="Lokrain.Atlas.Debugging.Tests.AtlasDebugMapExporterTests.ExportFromArtifact_NullRequest_ThrowsArgumentNullException" methodname="ExportFromArtifact_NullRequest_ThrowsArgumentNullException" classname="Lokrain.Atlas.Debugging.Tests.AtlasDebugMapExporterTests" runstate="Runnable" seed="847362794" result="Passed" start-time="2026-05-16 18:32:00Z" end-time="2026-05-16 18:32:00Z" duration="0.000582" asserts="0">
                  <properties>
                    <property name="retryIteration" value="0" />
                    <property name="repeatIteration" value="0" />
                  </properties>
                </test-case>
                <test-case id="1078" name="RequestType_DoesNotExposeArtifactExportExecution" fullname="Lokrain.Atlas.Debugging.Tests.AtlasDebugMapExporterTests.RequestType_DoesNotExposeArtifactExportExecution" methodname="RequestType_DoesNotExposeArtifactExportExecution" classname="Lokrain.Atlas.Debugging.Tests.AtlasDebugMapExporterTests" runstate="Runnable" seed="2042806863" result="Passed" start-time="2026-05-16 18:32:00Z" end-time="2026-05-16 18:32:00Z" duration="0.000253" asserts="0">
                  <properties>
                    <property name="retryIteration" value="0" />
                    <property name="repeatIteration" value="0" />
                  </properties>
                </test-case>
                <test-case id="1080" name="Run_WithDebugMap_ExportsThroughWorkflowBoundary" fullname="Lokrain.Atlas.Debugging.Tests.AtlasDebugMapExporterTests.Run_WithDebugMap_ExportsThroughWorkflowBoundary" methodname="Run_WithDebugMap_ExportsThroughWorkflowBoundary" classname="Lokrain.Atlas.Debugging.Tests.AtlasDebugMapExporterTests" runstate="Runnable" seed="718389512" result="Passed" start-time="2026-05-16 18:32:00Z" end-time="2026-05-16 18:32:00Z" duration="0.002906" asserts="0">
                  <properties>
                    <property name="retryIteration" value="0" />
                    <property name="repeatIteration" value="0" />
                  </properties>
                </test-case>
              </test-suite>
            </test-suite>
          </test-suite>
          <test-suite type="TestSuite" id="1164" name="Execution" fullname="Lokrain.Atlas.Execution" runstate="Runnable" testcasecount="20" result="Passed" start-time="2026-05-16 18:32:00Z" end-time="2026-05-16 18:32:00Z" duration="0.072146" total="20" passed="20" failed="0" inconclusive="0" skipped="0" asserts="0">
            <properties />
            <test-suite type="TestSuite" id="1165" name="Tests" fullname="Lokrain.Atlas.Execution.Tests" runstate="Runnable" testcasecount="20" result="Passed" start-time="2026-05-16 18:32:00Z" end-time="2026-05-16 18:32:00Z" duration="0.061358" total="20" passed="20" failed="0" inconclusive="0" skipped="0" asserts="0">
              <properties />
              <test-suite type="TestFixture" id="1054" name="AtlasRunWorkflowResultTests" fullname="Lokrain.Atlas.Execution.Tests.AtlasRunWorkflowResultTests" classname="Lokrain.Atlas.Execution.Tests.AtlasRunWorkflowResultTests" runstate="Runnable" testcasecount="7" result="Passed" start-time="2026-05-16 18:32:00Z" end-time="2026-05-16 18:32:00Z" duration="0.015288" total="7" passed="7" failed="0" inconclusive="0" skipped="0" asserts="0">
                <properties />
                <test-case id="1060" name="Complete_FailedResult_ThrowsInvalidOperationException" fullname="Lokrain.Atlas.Execution.Tests.AtlasRunWorkflowResultTests.Complete_FailedResult_ThrowsInvalidOperationException" methodname="Complete_FailedResult_ThrowsInvalidOperationException" classname="Lokrain.Atlas.Execution.Tests.AtlasRunWorkflowResultTests" runstate="Runnable" seed="1426083575" result="Passed" start-time="2026-05-16 18:32:00Z" end-time="2026-05-16 18:32:00Z" duration="0.001538" asserts="0">
                  <properties>
                    <property name="retryIteration" value="0" />
                    <property name="repeatIteration" value="0" />
                  </properties>
                </test-case>
                <test-case id="1057" name="Complete_IsIdempotent" fullname="Lokrain.Atlas.Execution.Tests.AtlasRunWorkflowResultTests.Complete_IsIdempotent" methodname="Complete_IsIdempotent" classname="Lokrain.Atlas.Execution.Tests.AtlasRunWorkflowResultTests" runstate="Runnable" seed="2126128740" result="Passed" start-time="2026-05-16 18:32:00Z" end-time="2026-05-16 18:32:00Z" duration="0.003465" asserts="0">
                  <properties>
                    <property name="retryIteration" value="0" />
                    <property name="repeatIteration" value="0" />
                  </properties>
                </test-case>
                <test-case id="1056" name="Complete_ScheduledResult_CompletesDependencyAndUpdatesExecutionState" fullname="Lokrain.Atlas.Execution.Tests.AtlasRunWorkflowResultTests.Complete_ScheduledResult_CompletesDependencyAndUpdatesExecutionState" methodname="Complete_ScheduledResult_CompletesDependencyAndUpdatesExecutionState" classname="Lokrain.Atlas.Execution.Tests.AtlasRunWorkflowResultTests" runstate="Runnable" seed="220041104" result="Passed" start-time="2026-05-16 18:32:00Z" end-time="2026-05-16 18:32:00Z" duration="0.000854" asserts="0">
                  <properties>
                    <property name="retryIteration" value="0" />
                    <property name="repeatIteration" value="0" />
                  </properties>
                </test-case>
                <test-case id="1061" name="CompleteAndReleaseWorkspaceOwnership_FailedResult_ThrowsInvalidOperationException" fullname="Lokrain.Atlas.Execution.Tests.AtlasRunWorkflowResultTests.CompleteAndReleaseWorkspaceOwnership_FailedResult_ThrowsInvalidOperationException" methodname="CompleteAndReleaseWorkspaceOwnership_FailedResult_ThrowsInvalidOperationException" classname="Lokrain.Atlas.Execution.Tests.AtlasRunWorkflowResultTests" runstate="Runnable" seed="1868656212" result="Passed" start-time="2026-05-16 18:32:00Z" end-time="2026-05-16 18:32:00Z" duration="0.000411" asserts="0">
                  <properties>
                    <property name="retryIteration" value="0" />
                    <property name="repeatIteration" value="0" />
                  </properties>
                </test-case>
                <test-case id="1059" name="CompleteAndReleaseWorkspaceOwnership_ScheduledResult_CompletesBeforeReturningWorkspace" fullname="Lokrain.Atlas.Execution.Tests.AtlasRunWorkflowResultTests.CompleteAndReleaseWorkspaceOwnership_ScheduledResult_CompletesBeforeReturningWorkspace" methodname="CompleteAndReleaseWorkspaceOwnership_ScheduledResult_CompletesBeforeReturningWorkspace" classname="Lokrain.Atlas.Execution.Tests.AtlasRunWorkflowResultTests" runstate="Runnable" seed="1185186560" result="Passed" start-time="2026-05-16 18:32:00Z" end-time="2026-05-16 18:32:00Z" duration="0.000830" asserts="0">
                  <properties>
                    <property name="retryIteration" value="0" />
                    <property name="repeatIteration" value="0" />
                  </properties>
                </test-case>
                <test-case id="1058" name="Dispose_ScheduledResult_CompletesDependencyBeforeWorkspaceDisposal" fullname="Lokrain.Atlas.Execution.Tests.AtlasRunWorkflowResultTests.Dispose_ScheduledResult_CompletesDependencyBeforeWorkspaceDisposal" methodname="Dispose_ScheduledResult_CompletesDependencyBeforeWorkspaceDisposal" classname="Lokrain.Atlas.Execution.Tests.AtlasRunWorkflowResultTests" runstate="Runnable" seed="103326294" result="Passed" start-time="2026-05-16 18:32:00Z" end-time="2026-05-16 18:32:00Z" duration="0.000948" asserts="0">
                  <properties>
                    <property name="retryIteration" value="0" />
                    <property name="repeatIteration" value="0" />
                  </properties>
                </test-case>
                <test-case id="1055" name="ScheduledResult_ExposesOwnedPendingDependency" fullname="Lokrain.Atlas.Execution.Tests.AtlasRunWorkflowResultTests.ScheduledResult_ExposesOwnedPendingDependency" methodname="ScheduledResult_ExposesOwnedPendingDependency" classname="Lokrain.Atlas.Execution.Tests.AtlasRunWorkflowResultTests" runstate="Runnable" seed="129685140" result="Passed" start-time="2026-05-16 18:32:00Z" end-time="2026-05-16 18:32:00Z" duration="0.000714" asserts="0">
                  <properties>
                    <property name="retryIteration" value="0" />
                    <property name="repeatIteration" value="0" />
                  </properties>
                </test-case>
              </test-suite>
              <test-suite type="TestFixture" id="1062" name="AtlasRunWorkflowTests" fullname="Lokrain.Atlas.Execution.Tests.AtlasRunWorkflowTests" classname="Lokrain.Atlas.Execution.Tests.AtlasRunWorkflowTests" runstate="Runnable" testcasecount="7" result="Passed" start-time="2026-05-16 18:32:00Z" end-time="2026-05-16 18:32:00Z" duration="0.020843" total="7" passed="7" failed="0" inconclusive="0" skipped="0" asserts="0">
                <properties />
                <test-case id="1068" name="Run_CompilationFailure_ReturnsCompilationPhaseWithoutWorkspace" fullname="Lokrain.Atlas.Execution.Tests.AtlasRunWorkflowTests.Run_CompilationFailure_ReturnsCompilationPhaseWithoutWorkspace" methodname="Run_CompilationFailure_ReturnsCompilationPhaseWithoutWorkspace" classname="Lokrain.Atlas.Execution.Tests.AtlasRunWorkflowTests" runstate="Runnable" seed="1952990452" result="Passed" start-time="2026-05-16 18:32:00Z" end-time="2026-05-16 18:32:00Z" duration="0.003932" asserts="0">
                  <properties>
                    <property name="retryIteration" value="0" />
                    <property name="repeatIteration" value="0" />
                  </properties>
                </test-case>
                <test-case id="1069" name="Run_MissingExecutor_ReturnsExecutionPhaseWithOwnedWorkspace" fullname="Lokrain.Atlas.Execution.Tests.AtlasRunWorkflowTests.Run_MissingExecutor_ReturnsExecutionPhaseWithOwnedWorkspace" methodname="Run_MissingExecutor_ReturnsExecutionPhaseWithOwnedWorkspace" classname="Lokrain.Atlas.Execution.Tests.AtlasRunWorkflowTests" runstate="Runnable" seed="594676907" result="Passed" start-time="2026-05-16 18:32:00Z" end-time="2026-05-16 18:32:00Z" duration="0.001711" asserts="0">
                  <properties>
                    <property name="retryIteration" value="0" />
                    <property name="repeatIteration" value="0" />
                  </properties>
                </test-case>
                <test-case id="1063" name="Run_NullRequest_ReturnsRequestValidationFailure" fullname="Lokrain.Atlas.Execution.Tests.AtlasRunWorkflowTests.Run_NullRequest_ReturnsRequestValidationFailure" methodname="Run_NullRequest_ReturnsRequestValidationFailure" classname="Lokrain.Atlas.Execution.Tests.AtlasRunWorkflowTests" runstate="Runnable" seed="845173944" result="Passed" start-time="2026-05-16 18:32:00Z" end-time="2026-05-16 18:32:00Z" duration="0.000877" asserts="0">
                  <properties>
                    <property name="retryIteration" value="0" />
                    <property name="repeatIteration" value="0" />
                  </properties>
                </test-case>
                <test-case id="1064" name="Run_ValidCompletedRequest_ReturnsCompletedResultWithArtifact" fullname="Lokrain.Atlas.Execution.Tests.AtlasRunWorkflowTests.Run_ValidCompletedRequest_ReturnsCompletedResultWithArtifact" methodname="Run_ValidCompletedRequest_ReturnsCompletedResultWithArtifact" classname="Lokrain.Atlas.Execution.Tests.AtlasRunWorkflowTests" runstate="Runnable" seed="136315477" result="Passed" start-time="2026-05-16 18:32:00Z" end-time="2026-05-16 18:32:00Z" duration="0.001757" asserts="0">
                  <properties>
                    <property name="retryIteration" value="0" />
                    <property name="repeatIteration" value="0" />
                  </properties>
                </test-case>
                <test-case id="1065" name="Run_ValidCompletedRequestWithDefaultExecutors_ReturnsCompletedResultWithArtifact" fullname="Lokrain.Atlas.Execution.Tests.AtlasRunWorkflowTests.Run_ValidCompletedRequestWithDefaultExecutors_ReturnsCompletedResultWithArtifact" methodname="Run_ValidCompletedRequestWithDefaultExecutors_ReturnsCompletedResultWithArtifact" classname="Lokrain.Atlas.Execution.Tests.AtlasRunWorkflowTests" runstate="Runnable" seed="297707068" result="Passed" start-time="2026-05-16 18:32:00Z" end-time="2026-05-16 18:32:00Z" duration="0.000817" asserts="0">
                  <properties>
                    <property name="retryIteration" value="0" />
                    <property name="repeatIteration" value="0" />
                  </properties>
                </test-case>
                <test-case id="1066" name="Run_WithoutArtifactCapture_ReturnsCompletedResultWithoutArtifact" fullname="Lokrain.Atlas.Execution.Tests.AtlasRunWorkflowTests.Run_WithoutArtifactCapture_ReturnsCompletedResultWithoutArtifact" methodname="Run_WithoutArtifactCapture_ReturnsCompletedResultWithoutArtifact" classname="Lokrain.Atlas.Execution.Tests.AtlasRunWorkflowTests" runstate="Runnable" seed="2139736121" result="Passed" start-time="2026-05-16 18:32:00Z" end-time="2026-05-16 18:32:00Z" duration="0.000638" asserts="0">
                  <properties>
                    <property name="retryIteration" value="0" />
                    <property name="repeatIteration" value="0" />
                  </properties>
                </test-case>
                <test-case id="1067" name="Run_WithoutCompletionAndWithoutArtifactCapture_ReturnsScheduledResult" fullname="Lokrain.Atlas.Execution.Tests.AtlasRunWorkflowTests.Run_WithoutCompletionAndWithoutArtifactCapture_ReturnsScheduledResult" methodname="Run_WithoutCompletionAndWithoutArtifactCapture_ReturnsScheduledResult" classname="Lokrain.Atlas.Execution.Tests.AtlasRunWorkflowTests" runstate="Runnable" seed="1827086659" result="Passed" start-time="2026-05-16 18:32:00Z" end-time="2026-05-16 18:32:00Z" duration="0.000624" asserts="0">
                  <properties>
                    <property name="retryIteration" value="0" />
                    <property name="repeatIteration" value="0" />
                  </properties>
                </test-case>
              </test-suite>
              <test-suite type="TestFixture" id="1070" name="AtlasWorkspaceLeaseTests" fullname="Lokrain.Atlas.Execution.Tests.AtlasWorkspaceLeaseTests" classname="Lokrain.Atlas.Execution.Tests.AtlasWorkspaceLeaseTests" runstate="Runnable" testcasecount="6" result="Passed" start-time="2026-05-16 18:32:00Z" end-time="2026-05-16 18:32:00Z" duration="0.020390" total="6" passed="6" failed="0" inconclusive="0" skipped="0" asserts="0">
                <properties />
                <test-case id="1075" name="CompleteAndReleaseWorkspaceOwnership_CompletesBeforeReturningWorkspace" fullname="Lokrain.Atlas.Execution.Tests.AtlasWorkspaceLeaseTests.CompleteAndReleaseWorkspaceOwnership_CompletesBeforeReturningWorkspace" methodname="CompleteAndReleaseWorkspaceOwnership_CompletesBeforeReturningWorkspace" classname="Lokrain.Atlas.Execution.Tests.AtlasWorkspaceLeaseTests" runstate="Runnable" seed="2133140614" result="Passed" start-time="2026-05-16 18:32:00Z" end-time="2026-05-16 18:32:00Z" duration="0.004867" asserts="0">
                  <properties>
                    <property name="retryIteration" value="0" />
                    <property name="repeatIteration" value="0" />
                  </properties>
                </test-case>
                <test-case id="1072" name="LeaseComplete_CompletesPendingDependency" fullname="Lokrain.Atlas.Execution.Tests.AtlasWorkspaceLeaseTests.LeaseComplete_CompletesPendingDependency" methodname="LeaseComplete_CompletesPendingDependency" classname="Lokrain.Atlas.Execution.Tests.AtlasWorkspaceLeaseTests" runstate="Runnable" seed="1759368410" result="Passed" start-time="2026-05-16 18:32:00Z" end-time="2026-05-16 18:32:00Z" duration="0.001414" asserts="0">
                  <properties>
                    <property name="retryIteration" value="0" />
                    <property name="repeatIteration" value="0" />
                  </properties>
                </test-case>
                <test-case id="1073" name="LeaseDispose_CompletesDependencyBeforeDisposingWorkspace" fullname="Lokrain.Atlas.Execution.Tests.AtlasWorkspaceLeaseTests.LeaseDispose_CompletesDependencyBeforeDisposingWorkspace" methodname="LeaseDispose_CompletesDependencyBeforeDisposingWorkspace" classname="Lokrain.Atlas.Execution.Tests.AtlasWorkspaceLeaseTests" runstate="Runnable" seed="70503293" result="Passed" start-time="2026-05-16 18:32:00Z" end-time="2026-05-16 18:32:00Z" duration="0.001267" asserts="0">
                  <properties>
                    <property name="retryIteration" value="0" />
                    <property name="repeatIteration" value="0" />
                  </properties>
                </test-case>
                <test-case id="1076" name="ReleaseWorkspaceLease_AfterResultDisposed_ThrowsObjectDisposedException" fullname="Lokrain.Atlas.Execution.Tests.AtlasWorkspaceLeaseTests.ReleaseWorkspaceLease_AfterResultDisposed_ThrowsObjectDisposedException" methodname="ReleaseWorkspaceLease_AfterResultDisposed_ThrowsObjectDisposedException" classname="Lokrain.Atlas.Execution.Tests.AtlasWorkspaceLeaseTests" runstate="Runnable" seed="1090990193" result="Passed" start-time="2026-05-16 18:32:00Z" end-time="2026-05-16 18:32:00Z" duration="0.000797" asserts="0">
                  <properties>
                    <property name="retryIteration" value="0" />
                    <property name="repeatIteration" value="0" />
                  </properties>
                </test-case>
                <test-case id="1071" name="ReleaseWorkspaceLease_TransfersWorkspaceAndPendingDependency" fullname="Lokrain.Atlas.Execution.Tests.AtlasWorkspaceLeaseTests.ReleaseWorkspaceLease_TransfersWorkspaceAndPendingDependency" methodname="ReleaseWorkspaceLease_TransfersWorkspaceAndPendingDependency" classname="Lokrain.Atlas.Execution.Tests.AtlasWorkspaceLeaseTests" runstate="Runnable" seed="1262535397" result="Passed" start-time="2026-05-16 18:32:00Z" end-time="2026-05-16 18:32:00Z" duration="0.000661" asserts="0">
                  <properties>
                    <property name="retryIteration" value="0" />
                    <property name="repeatIteration" value="0" />
                  </properties>
                </test-case>
                <test-case id="1074" name="ResultDispose_AfterLeaseTransfer_DoesNotDisposeTransferredWorkspace" fullname="Lokrain.Atlas.Execution.Tests.AtlasWorkspaceLeaseTests.ResultDispose_AfterLeaseTransfer_DoesNotDisposeTransferredWorkspace" methodname="ResultDispose_AfterLeaseTransfer_DoesNotDisposeTransferredWorkspace" classname="Lokrain.Atlas.Execution.Tests.AtlasWorkspaceLeaseTests" runstate="Runnable" seed="1836990559" result="Passed" start-time="2026-05-16 18:32:00Z" end-time="2026-05-16 18:32:00Z" duration="0.000599" asserts="0">
                  <properties>
                    <property name="retryIteration" value="0" />
                    <property name="repeatIteration" value="0" />
                  </properties>
                </test-case>
              </test-suite>
            </test-suite>
          </test-suite>
          <test-suite type="TestSuite" id="1162" name="Executors" fullname="Lokrain.Atlas.Executors" runstate="Runnable" testcasecount="15" result="Passed" start-time="2026-05-16 18:32:00Z" end-time="2026-05-16 18:32:00Z" duration="0.078128" total="15" passed="15" failed="0" inconclusive="0" skipped="0" asserts="0">
            <properties />
            <test-suite type="TestSuite" id="1163" name="Tests" fullname="Lokrain.Atlas.Executors.Tests" runstate="Runnable" testcasecount="15" result="Passed" start-time="2026-05-16 18:32:00Z" end-time="2026-05-16 18:32:00Z" duration="0.068153" total="15" passed="15" failed="0" inconclusive="0" skipped="0" asserts="0">
              <properties />
              <test-suite type="TestFixture" id="1038" name="AtlasDefaultOperationExecutorRegistryTests" fullname="Lokrain.Atlas.Executors.Tests.AtlasDefaultOperationExecutorRegistryTests" classname="Lokrain.Atlas.Executors.Tests.AtlasDefaultOperationExecutorRegistryTests" runstate="Runnable" testcasecount="15" result="Passed" start-time="2026-05-16 18:32:00Z" end-time="2026-05-16 18:32:00Z" duration="0.041817" total="15" passed="15" failed="0" inconclusive="0" skipped="0" asserts="0">
                <properties />
[...]
                    <properties>
                      <property name="retryIteration" value="0" />
                      <property name="repeatIteration" value="0" />
                    </properties>
                  </test-case>
                  <test-case id="1007" name="RequiresExternalBinding_NonExternalStorageKind_ReturnsFalse(NativeList)" fullname="Lokrain.Atlas.Workspaces.Tests.AtlasWorkspaceStorageSupportTests.RequiresExternalBinding_NonExternalStorageKind_ReturnsFalse(NativeList)" methodname="RequiresExternalBinding_NonExternalStorageKind_ReturnsFalse" classname="Lokrain.Atlas.Workspaces.Tests.AtlasWorkspaceStorageSupportTests" runstate="Runnable" seed="19380263" result="Passed" start-time="2026-05-16 18:32:00Z" end-time="2026-05-16 18:32:00Z" duration="0.000126" asserts="0">
                    <properties>
                      <property name="retryIteration" value="0" />
                      <property name="repeatIteration" value="0" />
                    </properties>
                  </test-case>
                  <test-case id="1008" name="RequiresExternalBinding_NonExternalStorageKind_ReturnsFalse(Blob)" fullname="Lokrain.Atlas.Workspaces.Tests.AtlasWorkspaceStorageSupportTests.RequiresExternalBinding_NonExternalStorageKind_ReturnsFalse(Blob)" methodname="RequiresExternalBinding_NonExternalStorageKind_ReturnsFalse" classname="Lokrain.Atlas.Workspaces.Tests.AtlasWorkspaceStorageSupportTests" runstate="Runnable" seed="1517975676" result="Passed" start-time="2026-05-16 18:32:00Z" end-time="2026-05-16 18:32:00Z" duration="0.000121" asserts="0">
                    <properties>
                      <property name="retryIteration" value="0" />
                      <property name="repeatIteration" value="0" />
                    </properties>
                  </test-case>
                </test-suite>
                <test-case id="1018" name="SupportsStorageFormat_ConcreteNativeArray_ReturnsTrue" fullname="Lokrain.Atlas.Workspaces.Tests.AtlasWorkspaceStorageSupportTests.SupportsStorageFormat_ConcreteNativeArray_ReturnsTrue" methodname="SupportsStorageFormat_ConcreteNativeArray_ReturnsTrue" classname="Lokrain.Atlas.Workspaces.Tests.AtlasWorkspaceStorageSupportTests" runstate="Runnable" seed="95886207" result="Passed" start-time="2026-05-16 18:32:00Z" end-time="2026-05-16 18:32:00Z" duration="0.000579" asserts="0">
                  <properties>
                    <property name="retryIteration" value="0" />
                    <property name="repeatIteration" value="0" />
                  </properties>
                </test-case>
                <test-case id="1019" name="SupportsStorageFormat_NonConcreteFormat_ReturnsFalse" fullname="Lokrain.Atlas.Workspaces.Tests.AtlasWorkspaceStorageSupportTests.SupportsStorageFormat_NonConcreteFormat_ReturnsFalse" methodname="SupportsStorageFormat_NonConcreteFormat_ReturnsFalse" classname="Lokrain.Atlas.Workspaces.Tests.AtlasWorkspaceStorageSupportTests" runstate="Runnable" seed="195574083" result="Passed" start-time="2026-05-16 18:32:00Z" end-time="2026-05-16 18:32:00Z" duration="0.000271" asserts="0">
                  <properties>
                    <property name="retryIteration" value="0" />
                    <property name="repeatIteration" value="0" />
                  </properties>
                </test-case>
                <test-case id="1003" name="SupportsStorageKind_NativeArray_ReturnsTrue" fullname="Lokrain.Atlas.Workspaces.Tests.AtlasWorkspaceStorageSupportTests.SupportsStorageKind_NativeArray_ReturnsTrue" methodname="SupportsStorageKind_NativeArray_ReturnsTrue" classname="Lokrain.Atlas.Workspaces.Tests.AtlasWorkspaceStorageSupportTests" runstate="Runnable" seed="399347091" result="Passed" start-time="2026-05-16 18:32:00Z" end-time="2026-05-16 18:32:00Z" duration="0.000272" asserts="0">
                  <properties>
                    <property name="retryIteration" value="0" />
                    <property name="repeatIteration" value="0" />
                  </properties>
                </test-case>
                <test-case id="1002" name="SupportsStorageKind_Scalar_ReturnsTrue" fullname="Lokrain.Atlas.Workspaces.Tests.AtlasWorkspaceStorageSupportTests.SupportsStorageKind_Scalar_ReturnsTrue" methodname="SupportsStorageKind_Scalar_ReturnsTrue" classname="Lokrain.Atlas.Workspaces.Tests.AtlasWorkspaceStorageSupportTests" runstate="Runnable" seed="949057899" result="Passed" start-time="2026-05-16 18:32:00Z" end-time="2026-05-16 18:32:00Z" duration="0.000251" asserts="0">
                  <properties>
                    <property name="retryIteration" value="0" />
                    <property name="repeatIteration" value="0" />
                  </properties>
                </test-case>
                <test-suite type="ParameterizedMethod" id="1017" name="SupportsStorageKind_UnsupportedStorageKind_ReturnsFalse" fullname="Lokrain.Atlas.Workspaces.Tests.AtlasWorkspaceStorageSupportTests.SupportsStorageKind_UnsupportedStorageKind_ReturnsFalse" classname="Lokrain.Atlas.Workspaces.Tests.AtlasWorkspaceStorageSupportTests" runstate="Runnable" testcasecount="7" result="Passed" start-time="2026-05-16 18:32:00Z" end-time="2026-05-16 18:32:00Z" duration="0.014979" total="7" passed="7" failed="0" inconclusive="0" skipped="0" asserts="0">
                  <properties />
                  <test-case id="1010" name="SupportsStorageKind_UnsupportedStorageKind_ReturnsFalse(None)" fullname="Lokrain.Atlas.Workspaces.Tests.AtlasWorkspaceStorageSupportTests.SupportsStorageKind_UnsupportedStorageKind_ReturnsFalse(None)" methodname="SupportsStorageKind_UnsupportedStorageKind_ReturnsFalse" classname="Lokrain.Atlas.Workspaces.Tests.AtlasWorkspaceStorageSupportTests" runstate="Runnable" seed="1341039313" result="Passed" start-time="2026-05-16 18:32:00Z" end-time="2026-05-16 18:32:00Z" duration="0.000512" asserts="0">
                    <properties>
                      <property name="retryIteration" value="0" />
                      <property name="repeatIteration" value="0" />
                    </properties>
                  </test-case>
                  <test-case id="1011" name="SupportsStorageKind_UnsupportedStorageKind_ReturnsFalse(NativeList)" fullname="Lokrain.Atlas.Workspaces.Tests.AtlasWorkspaceStorageSupportTests.SupportsStorageKind_UnsupportedStorageKind_ReturnsFalse(NativeList)" methodname="SupportsStorageKind_UnsupportedStorageKind_ReturnsFalse" classname="Lokrain.Atlas.Workspaces.Tests.AtlasWorkspaceStorageSupportTests" runstate="Runnable" seed="201240418" result="Passed" start-time="2026-05-16 18:32:00Z" end-time="2026-05-16 18:32:00Z" duration="0.000178" asserts="0">
                    <properties>
                      <property name="retryIteration" value="0" />
                      <property name="repeatIteration" value="0" />
                    </properties>
                  </test-case>
                  <test-case id="1012" name="SupportsStorageKind_UnsupportedStorageKind_ReturnsFalse(UnsafeList)" fullname="Lokrain.Atlas.Workspaces.Tests.AtlasWorkspaceStorageSupportTests.SupportsStorageKind_UnsupportedStorageKind_ReturnsFalse(UnsafeList)" methodname="SupportsStorageKind_UnsupportedStorageKind_ReturnsFalse" classname="Lokrain.Atlas.Workspaces.Tests.AtlasWorkspaceStorageSupportTests" runstate="Runnable" seed="2042237226" result="Passed" start-time="2026-05-16 18:32:00Z" end-time="2026-05-16 18:32:00Z" duration="0.000148" asserts="0">
                    <properties>
                      <property name="retryIteration" value="0" />
                      <property name="repeatIteration" value="0" />
                    </properties>
                  </test-case>
                  <test-case id="1013" name="SupportsStorageKind_UnsupportedStorageKind_ReturnsFalse(NativeStream)" fullname="Lokrain.Atlas.Workspaces.Tests.AtlasWorkspaceStorageSupportTests.SupportsStorageKind_UnsupportedStorageKind_ReturnsFalse(NativeStream)" methodname="SupportsStorageKind_UnsupportedStorageKind_ReturnsFalse" classname="Lokrain.Atlas.Workspaces.Tests.AtlasWorkspaceStorageSupportTests" runstate="Runnable" seed="1299125066" result="Passed" start-time="2026-05-16 18:32:00Z" end-time="2026-05-16 18:32:00Z" duration="0.000140" asserts="0">
                    <properties>
                      <property name="retryIteration" value="0" />
                      <property name="repeatIteration" value="0" />
                    </properties>
                  </test-case>
                  <test-case id="1014" name="SupportsStorageKind_UnsupportedStorageKind_ReturnsFalse(NativeParallelHashMap)" fullname="Lokrain.Atlas.Workspaces.Tests.AtlasWorkspaceStorageSupportTests.SupportsStorageKind_UnsupportedStorageKind_ReturnsFalse(NativeParallelHashMap)" methodname="SupportsStorageKind_UnsupportedStorageKind_ReturnsFalse" classname="Lokrain.Atlas.Workspaces.Tests.AtlasWorkspaceStorageSupportTests" runstate="Runnable" seed="921240913" result="Passed" start-time="2026-05-16 18:32:00Z" end-time="2026-05-16 18:32:00Z" duration="0.000137" asserts="0">
                    <properties>
                      <property name="retryIteration" value="0" />
                      <property name="repeatIteration" value="0" />
                    </properties>
                  </test-case>
                  <test-case id="1015" name="SupportsStorageKind_UnsupportedStorageKind_ReturnsFalse(Blob)" fullname="Lokrain.Atlas.Workspaces.Tests.AtlasWorkspaceStorageSupportTests.SupportsStorageKind_UnsupportedStorageKind_ReturnsFalse(Blob)" methodname="SupportsStorageKind_UnsupportedStorageKind_ReturnsFalse" classname="Lokrain.Atlas.Workspaces.Tests.AtlasWorkspaceStorageSupportTests" runstate="Runnable" seed="829179218" result="Passed" start-time="2026-05-16 18:32:00Z" end-time="2026-05-16 18:32:00Z" duration="0.000142" asserts="0">
                    <properties>
                      <property name="retryIteration" value="0" />
                      <property name="repeatIteration" value="0" />
                    </properties>
                  </test-case>
                  <test-case id="1016" name="SupportsStorageKind_UnsupportedStorageKind_ReturnsFalse(External)" fullname="Lokrain.Atlas.Workspaces.Tests.AtlasWorkspaceStorageSupportTests.SupportsStorageKind_UnsupportedStorageKind_ReturnsFalse(External)" methodname="SupportsStorageKind_UnsupportedStorageKind_ReturnsFalse" classname="Lokrain.Atlas.Workspaces.Tests.AtlasWorkspaceStorageSupportTests" runstate="Runnable" seed="599928777" result="Passed" start-time="2026-05-16 18:32:00Z" end-time="2026-05-16 18:32:00Z" duration="0.000169" asserts="0">
                    <properties>
                      <property name="retryIteration" value="0" />
                      <property name="repeatIteration" value="0" />
                    </properties>
                  </test-case>
                </test-suite>
                <test-case id="1029" name="ValidateCompilableOrThrow_ExternalStorageShape_ThrowsExplicitExternalBindingMessage" fullname="Lokrain.Atlas.Workspaces.Tests.AtlasWorkspaceStorageSupportTests.ValidateCompilableOrThrow_ExternalStorageShape_ThrowsExplicitExternalBindingMessage" methodname="ValidateCompilableOrThrow_ExternalStorageShape_ThrowsExplicitExternalBindingMessage" classname="Lokrain.Atlas.Workspaces.Tests.AtlasWorkspaceStorageSupportTests" runstate="Runnable" seed="567800493" result="Passed" start-time="2026-05-16 18:32:00Z" end-time="2026-05-16 18:32:00Z" duration="0.002662" asserts="0">
                  <properties>
                    <property name="retryIteration" value="0" />
                    <property name="repeatIteration" value="0" />
                  </properties>
                </test-case>
                <test-case id="1033" name="ValidateCompilableOrThrow_NonAtlasOwnedStorage_ThrowsNotSupportedExceptionBeforeAllocation" fullname="Lokrain.Atlas.Workspaces.Tests.AtlasWorkspaceStorageSupportTests.ValidateCompilableOrThrow_NonAtlasOwnedStorage_ThrowsNotSupportedExceptionBeforeAllocation" methodname="ValidateCompilableOrThrow_NonAtlasOwnedStorage_ThrowsNotSupportedExceptionBeforeAllocation" classname="Lokrain.Atlas.Workspaces.Tests.AtlasWorkspaceStorageSupportTests" runstate="Runnable" seed="1090533319" result="Passed" start-time="2026-05-16 18:32:00Z" end-time="2026-05-16 18:32:00Z" duration="0.001198" asserts="0">
                  <properties>
                    <property name="retryIteration" value="0" />
                    <property name="repeatIteration" value="0" />
                  </properties>
                </test-case>
                <test-suite type="ParameterizedMethod" id="1027" name="ValidateCompilableOrThrow_UnsupportedAtlasOwnedStorageKind_ThrowsNotSupportedException" fullname="Lokrain.Atlas.Workspaces.Tests.AtlasWorkspaceStorageSupportTests.ValidateCompilableOrThrow_UnsupportedAtlasOwnedStorageKind_ThrowsNotSupportedException" classname="Lokrain.Atlas.Workspaces.Tests.AtlasWorkspaceStorageSupportTests" runstate="Runnable" testcasecount="5" result="Passed" start-time="2026-05-16 18:32:00Z" end-time="2026-05-16 18:32:00Z" duration="0.017337" total="5" passed="5" failed="0" inconclusive="0" skipped="0" asserts="0">
                  <properties />
                  <test-case id="1022" name="ValidateCompilableOrThrow_UnsupportedAtlasOwnedStorageKind_ThrowsNotSupportedException(NativeList)" fullname="Lokrain.Atlas.Workspaces.Tests.AtlasWorkspaceStorageSupportTests.ValidateCompilableOrThrow_UnsupportedAtlasOwnedStorageKind_ThrowsNotSupportedException(NativeList)" methodname="ValidateCompilableOrThrow_UnsupportedAtlasOwnedStorageKind_ThrowsNotSupportedException" classname="Lokrain.Atlas.Workspaces.Tests.AtlasWorkspaceStorageSupportTests" runstate="Runnable" seed="710986295" result="Passed" start-time="2026-05-16 18:32:00Z" end-time="2026-05-16 18:32:00Z" duration="0.001126" asserts="0">
                    <properties>
                      <property name="retryIteration" value="0" />
                      <property name="repeatIteration" value="0" />
                    </properties>
                  </test-case>
                  <test-case id="1023" name="ValidateCompilableOrThrow_UnsupportedAtlasOwnedStorageKind_ThrowsNotSupportedException(UnsafeList)" fullname="Lokrain.Atlas.Workspaces.Tests.AtlasWorkspaceStorageSupportTests.ValidateCompilableOrThrow_UnsupportedAtlasOwnedStorageKind_ThrowsNotSupportedException(UnsafeList)" methodname="ValidateCompilableOrThrow_UnsupportedAtlasOwnedStorageKind_ThrowsNotSupportedException" classname="Lokrain.Atlas.Workspaces.Tests.AtlasWorkspaceStorageSupportTests" runstate="Runnable" seed="838312357" result="Passed" start-time="2026-05-16 18:32:00Z" end-time="2026-05-16 18:32:00Z" duration="0.000274" asserts="0">
                    <properties>
                      <property name="retryIteration" value="0" />
                      <property name="repeatIteration" value="0" />
                    </properties>
                  </test-case>
                  <test-case id="1024" name="ValidateCompilableOrThrow_UnsupportedAtlasOwnedStorageKind_ThrowsNotSupportedException(NativeStream)" fullname="Lokrain.Atlas.Workspaces.Tests.AtlasWorkspaceStorageSupportTests.ValidateCompilableOrThrow_UnsupportedAtlasOwnedStorageKind_ThrowsNotSupportedException(NativeStream)" methodname="ValidateCompilableOrThrow_UnsupportedAtlasOwnedStorageKind_ThrowsNotSupportedException" classname="Lokrain.Atlas.Workspaces.Tests.AtlasWorkspaceStorageSupportTests" runstate="Runnable" seed="1888713076" result="Passed" start-time="2026-05-16 18:32:00Z" end-time="2026-05-16 18:32:00Z" duration="0.000322" asserts="0">
                    <properties>
                      <property name="retryIteration" value="0" />
                      <property name="repeatIteration" value="0" />
                    </properties>
                  </test-case>
                  <test-case id="1025" name="ValidateCompilableOrThrow_UnsupportedAtlasOwnedStorageKind_ThrowsNotSupportedException(NativeParallelHashMap)" fullname="Lokrain.Atlas.Workspaces.Tests.AtlasWorkspaceStorageSupportTests.ValidateCompilableOrThrow_UnsupportedAtlasOwnedStorageKind_ThrowsNotSupportedException(NativeParallelHashMap)" methodname="ValidateCompilableOrThrow_UnsupportedAtlasOwnedStorageKind_ThrowsNotSupportedException" classname="Lokrain.Atlas.Workspaces.Tests.AtlasWorkspaceStorageSupportTests" runstate="Runnable" seed="560463075" result="Passed" start-time="2026-05-16 18:32:00Z" end-time="2026-05-16 18:32:00Z" duration="0.000313" asserts="0">
                    <properties>
                      <property name="retryIteration" value="0" />
                      <property name="repeatIteration" value="0" />
                    </properties>
                  </test-case>
                  <test-case id="1026" name="ValidateCompilableOrThrow_UnsupportedAtlasOwnedStorageKind_ThrowsNotSupportedException(Blob)" fullname="Lokrain.Atlas.Workspaces.Tests.AtlasWorkspaceStorageSupportTests.ValidateCompilableOrThrow_UnsupportedAtlasOwnedStorageKind_ThrowsNotSupportedException(Blob)" methodname="ValidateCompilableOrThrow_UnsupportedAtlasOwnedStorageKind_ThrowsNotSupportedException" classname="Lokrain.Atlas.Workspaces.Tests.AtlasWorkspaceStorageSupportTests" runstate="Runnable" seed="1414530610" result="Passed" start-time="2026-05-16 18:32:00Z" end-time="2026-05-16 18:32:00Z" duration="0.000317" asserts="0">
                    <properties>
                      <property name="retryIteration" value="0" />
                      <property name="repeatIteration" value="0" />
                    </properties>
                  </test-case>
                </test-suite>
                <test-case id="1021" name="ValidateStorageFormatOrThrow_External_ThrowsExplicitExternalBindingMessage" fullname="Lokrain.Atlas.Workspaces.Tests.AtlasWorkspaceStorageSupportTests.ValidateStorageFormatOrThrow_External_ThrowsExplicitExternalBindingMessage" methodname="ValidateStorageFormatOrThrow_External_ThrowsExplicitExternalBindingMessage" classname="Lokrain.Atlas.Workspaces.Tests.AtlasWorkspaceStorageSupportTests" runstate="Runnable" seed="1038804355" result="Passed" start-time="2026-05-16 18:32:00Z" end-time="2026-05-16 18:32:00Z" duration="0.001359" asserts="0">
                  <properties>
                    <property name="retryIteration" value="0" />
                    <property name="repeatIteration" value="0" />
                  </properties>
                </test-case>
                <test-case id="1020" name="ValidateStorageKindOrThrow_External_ThrowsExplicitExternalBindingMessage" fullname="Lokrain.Atlas.Workspaces.Tests.AtlasWorkspaceStorageSupportTests.ValidateStorageKindOrThrow_External_ThrowsExplicitExternalBindingMessage" methodname="ValidateStorageKindOrThrow_External_ThrowsExplicitExternalBindingMessage" classname="Lokrain.Atlas.Workspaces.Tests.AtlasWorkspaceStorageSupportTests" runstate="Runnable" seed="87100094" result="Passed" start-time="2026-05-16 18:32:00Z" end-time="2026-05-16 18:32:00Z" duration="0.000663" asserts="0">
                  <properties>
                    <property name="retryIteration" value="0" />
                    <property name="repeatIteration" value="0" />
                  </properties>
                  <output><![CDATA[Saving results to: C:/Users/lokra/AppData/LocalLow/VeraLux/Atlas\TestResults.xml
]]></output>
                </test-case>
              </test-suite>
            </test-suite>
          </test-suite>
        </test-suite>
      </test-suite>
    </test-suite>
  </test-suite>
</test-run>